2026-02-16 12:48:06.947722 INFO::Writing function arguments to log file
2026-02-16 12:48:06.948226 DEBUG::Function arguments
2026-02-16 12:48:06.948395 DEBUG::Output folder: MaAsLin2_Y_vs_O
2026-02-16 12:48:06.94854 DEBUG::Min Abundance: 0.000000
2026-02-16 12:48:06.948677 DEBUG::Min Prevalence: 0.100000
2026-02-16 12:48:06.948806 DEBUG::Normalization: NONE
2026-02-16 12:48:06.948935 DEBUG::Transform: LOG
2026-02-16 12:48:06.949064 DEBUG::Analysis method: LM
2026-02-16 12:48:06.949209 DEBUG::Max significance: 0.250000
2026-02-16 12:48:06.949349 DEBUG::Random effects:
2026-02-16 12:48:06.94948 DEBUG::Fixed effects: Groups
2026-02-16 12:48:06.94961 DEBUG::Correction method: BH
2026-02-16 12:48:06.94975 DEBUG::Standardize: TRUE
2026-02-16 12:48:06.949881 DEBUG::Cores: 1
2026-02-16 12:48:06.950005 INFO::Verifying options selected are valid
2026-02-16 12:48:06.950367 INFO::Determining format of input files
2026-02-16 12:48:06.950682 INFO::Input format is data samples as rows and metadata samples as rows
2026-02-16 12:48:06.95164 DEBUG::A total of 22 samples were found in both the data and metadata
2026-02-16 12:48:06.9518 DEBUG::Reordering data/metadata to use same sample ordering
2026-02-16 12:48:06.95376 INFO::Formula for fixed effects: expr ~  Groups
2026-02-16 12:48:06.95423 INFO::Filter data based on min abundance and min prevalence
2026-02-16 12:48:06.954542 INFO::Total samples in data: 22
2026-02-16 12:48:06.954833 INFO::Min samples required with min abundance for a feature not to be filtered: 2.200000
2026-02-16 12:48:06.957447 INFO::Total filtered features: 78
2026-02-16 12:48:06.957861 INFO::Filtered feature names from abundance and prevalence filtering: ARGDEG.PWY..superpathway.of.L.arginine..putrescine..and.4.aminobutanoate.degradation, FUC.RHAMCAT.PWY..superpathway.of.fucose.and.rhamnose.degradation, GALACTITOLCAT.PWY..galactitol.degradation, HCAMHPDEG.PWY..3.phenylpropanoate.and.3..3.hydroxyphenyl.propanoate.degradation.to.2.oxopent.4.enoate, METHGLYUT.PWY..superpathway.of.methylglyoxal.degradation, NAD.BIOSYNTHESIS.II..NAD.salvage.pathway.II, ORNARGDEG.PWY..superpathway.of.L.arginine.and.L.ornithine.degradation, ORNDEG.PWY..superpathway.of.ornithine.degradation, P105.PWY..TCA.cycle.IV..2.oxoglutarate.decarboxylase., P125.PWY..superpathway.of..R.R..butanediol.biosynthesis, P163.PWY..L.lysine.fermentation.to.acetate.and.butanoate, P621.PWY..nylon.6.oligomer.degradation, PROPFERM.PWY..L.alanine.fermentation.to.propanoate.and.acetate, PROTOCATECHUATE.ORTHO.CLEAVAGE.PWY..protocatechuate.degradation.II..ortho.cleavage.pathway., PRPP.PWY..superpathway.of.histidine..purine..and.pyrimidine.biosynthesis, PWY.3781..aerobic.respiration.I..cytochrome.c., PWY.4722..creatinine.degradation.II, PWY.5088..L.glutamate.degradation.VIII..to.propanoate., PWY.5138..unsaturated..even.numbered.fatty.acid..beta..oxidation, PWY.5304..superpathway.of.sulfur.oxidation..Acidianus.ambivalens., PWY.5367..petroselinate.biosynthesis, PWY.5464..superpathway.of.cytosolic.glycolysis..plants...pyruvate.dehydrogenase.and.TCA.cycle, PWY.561..superpathway.of.glyoxylate.cycle.and.fatty.acid.degradation, PWY.5705..allantoin.degradation.to.glyoxylate.III, PWY.5791..1.4.dihydroxy.2.naphthoate.biosynthesis.II..plants., PWY.5837..1.4.dihydroxy.2.naphthoate.biosynthesis.I, PWY.5837..2.carboxy.1.4.naphthoquinol.biosynthesis, PWY.5845..superpathway.of.menaquinol.9.biosynthesis, PWY.5850..superpathway.of.menaquinol.6.biosynthesis.I, PWY.5860..superpathway.of.demethylmenaquinol.6.biosynthesis.I, PWY.5861..superpathway.of.demethylmenaquinol.8.biosynthesis, PWY.5861..superpathway.of.demethylmenaquinol.8.biosynthesis.I, PWY.5862..superpathway.of.demethylmenaquinol.9.biosynthesis, PWY.5863..superpathway.of.phylloquinol.biosynthesis, PWY.5896..superpathway.of.menaquinol.10.biosynthesis, PWY.5920..superpathway.of.heme.biosynthesis.from.glycine, PWY.5971..palmitate.biosynthesis..type.II.fatty.acid.synthase., PWY.5971..palmitate.biosynthesis.II..bacteria.and.plants., PWY.6113..superpathway.of.mycolate.biosynthesis, PWY.622..starch.biosynthesis, PWY.6284..superpathway.of.unsaturated.fatty.acids.biosynthesis..E..coli., PWY.6285..superpathway.of.fatty.acids.biosynthesis..E..coli., PWY.6318..L.phenylalanine.degradation.IV..mammalian..via.side.chain., PWY.6583..pyruvate.fermentation.to.butanol.I, PWY.6690..cinnamate.and.3.hydroxycinnamate.degradation.to.2.oxopent.4.enoate, PWY.6834..spermidine.biosynthesis.III, PWY.6863..pyruvate.fermentation.to.hexanol..engineered., PWY.6876..isopropanol.biosynthesis, PWY.6891..thiazole.biosynthesis.II..Bacillus., PWY.6895..superpathway.of.thiamin.diphosphate.biosynthesis.II, PWY.6895..superpathway.of.thiamine.diphosphate.biosynthesis.II, PWY.6953..dTDP.3.acetamido..alpha..D.fucose.biosynthesis, PWY.6953..dTDP.3.acetamido.3.6.dideoxy..alpha..D.galactose.biosynthesis, PWY.6961..L.ascorbate.degradation.II..bacterial..aerobic., PWY.7003..glycerol.degradation.to.butanol, PWY.7013...S..propane.1.2.diol.degradation, PWY.7046..4.coumarate.degradation..anaerobic., PWY.7090..UDP.2.3.diacetamido.2.3.dideoxy..alpha..D.mannuronate.biosynthesis, PWY.7094..fatty.acid.salvage, PWY.7196..superpathway.of.pyrimidine.ribonucleosides.salvage, PWY.7204..pyridoxal.5..phosphate.salvage.II..plants., PWY.7210..pyrimidine.deoxyribonucleotides.biosynthesis.from.CTP, PWY.7312..dTDP.D..beta..fucofuranose.biosynthesis, PWY.7385..1.3.propanediol.biosynthesis..engineered., PWY.7391..isoprene.biosynthesis.II..engineered., PWY.7396..butanol.and.isobutanol.biosynthesis..engineered., PWY.7858...5Z..dodecenoate.biosynthesis.II, PWY.7992..superpathway.of.menaquinol.8.biosynthesis.III, PWY0.1415..superpathway.of.heme.biosynthesis.from.uroporphyrinogen.III, PWY0.301..L.ascorbate.degradation.I..bacterial..anaerobic., PWY1G.0..mycothiol.biosynthesis, PWY3DJ.35471..L.ascorbate.biosynthesis.IV, PWY3O.4107..NAD.salvage.pathway.V..PNC.V.cycle., PWY66.389..phytol.degradation, PWY66.430..myristate.biosynthesis..mitochondria., PYRIDNUCSAL.PWY..NAD.salvage.pathway.I..PNC.VI.cycle., REDCITCYC..TCA.cycle.VI..Helicobacter., UDPNACETYLGALSYN.PWY..UDP.N.acetyl.D.glucosamine.biosynthesis.II
2026-02-16 12:48:06.961142 INFO::Total filtered features with variance filtering: 0
2026-02-16 12:48:06.961503 INFO::Filtered feature names from variance filtering:
2026-02-16 12:48:06.961789 INFO::Running selected normalization method: NONE
2026-02-16 12:48:06.962057 INFO::Applying z-score to standardize continuous metadata
2026-02-16 12:48:06.963705 INFO::Running selected transform method: LOG
2026-02-16 12:48:06.966538 INFO::Running selected analysis method: LM
2026-02-16 12:48:06.966895 INFO::Fitting model to feature number 1, X1CMET2.PWY..N10.formyl.tetrahydrofolate.biosynthesis
2026-02-16 12:48:06.968236 INFO::Fitting model to feature number 2, X1CMET2.PWY..folate.transformations.III..E..coli.
2026-02-16 12:48:06.969424 INFO::Fitting model to feature number 3, ALLANTOINDEG.PWY..superpathway.of.allantoin.degradation.in.yeast
2026-02-16 12:48:06.970549 INFO::Fitting model to feature number 4, ANAEROFRUCAT.PWY..homolactic.fermentation
2026-02-16 12:48:06.971649 INFO::Fitting model to feature number 5, ANAGLYCOLYSIS.PWY..glycolysis.III..from.glucose.
2026-02-16 12:48:06.972757 INFO::Fitting model to feature number 6, ARG.POLYAMINE.SYN..superpathway.of.arginine.and.polyamine.biosynthesis
2026-02-16 12:48:06.973853 INFO::Fitting model to feature number 7, ARGININE.SYN4.PWY..L.ornithine.biosynthesis.II
2026-02-16 12:48:06.974939 INFO::Fitting model to feature number 8, ARGININE.SYN4.PWY..L.ornithine.de.novo..biosynthesis
2026-02-16 12:48:06.976023 INFO::Fitting model to feature number 9, ARGORNPROST.PWY..arginine..ornithine.and.proline.interconversion
2026-02-16 12:48:06.977119 INFO::Fitting model to feature number 10, ARGSYN.PWY..L.arginine.biosynthesis.I..via.L.ornithine.
2026-02-16 12:48:06.978222 INFO::Fitting model to feature number 11, ARGSYNBSUB.PWY..L.arginine.biosynthesis.II..acetyl.cycle.
2026-02-16 12:48:06.979315 INFO::Fitting model to feature number 12, ARO.PWY..chorismate.biosynthesis.I
2026-02-16 12:48:06.980401 INFO::Fitting model to feature number 13, ASPASN.PWY..superpathway.of.L.aspartate.and.L.asparagine.biosynthesis
2026-02-16 12:48:06.981512 INFO::Fitting model to feature number 14, BIOTIN.BIOSYNTHESIS.PWY..biotin.biosynthesis.I
2026-02-16 12:48:06.98261 INFO::Fitting model to feature number 15, BRANCHED.CHAIN.AA.SYN.PWY..superpathway.of.branched.amino.acid.biosynthesis
2026-02-16 12:48:06.983693 INFO::Fitting model to feature number 16, BRANCHED.CHAIN.AA.SYN.PWY..superpathway.of.branched.chain.amino.acid.biosynthesis
2026-02-16 12:48:06.984762 INFO::Fitting model to feature number 17, CALVIN.PWY..Calvin.Benson.Bassham.cycle
2026-02-16 12:48:06.985835 INFO::Fitting model to feature number 18, CENTFERM.PWY..pyruvate.fermentation.to.butanoate
2026-02-16 12:48:06.986902 INFO::Fitting model to feature number 19, CITRULBIO.PWY..L.citrulline.biosynthesis
2026-02-16 12:48:06.98797 INFO::Fitting model to feature number 20, COA.PWY.1..coenzyme.A.biosynthesis.II..mammalian.
2026-02-16 12:48:06.98903 INFO::Fitting model to feature number 21, COA.PWY.1..superpathway.of.coenzyme.A.biosynthesis.III..mammals.
2026-02-16 12:48:06.990098 INFO::Fitting model to feature number 22, COA.PWY..coenzyme.A.biosynthesis.I
2026-02-16 12:48:06.991174 INFO::Fitting model to feature number 23, COA.PWY..coenzyme.A.biosynthesis.I..prokaryotic.
2026-02-16 12:48:06.992229 INFO::Fitting model to feature number 24, COBALSYN.PWY..adenosylcobalamin.salvage.from.cobinamide.I
2026-02-16 12:48:06.993276 INFO::Fitting model to feature number 25, COBALSYN.PWY..superpathway.of.adenosylcobalamin.salvage.from.cobinamide.I
2026-02-16 12:48:06.99434 INFO::Fitting model to feature number 26, COLANSYN.PWY..colanic.acid.building.blocks.biosynthesis
2026-02-16 12:48:06.995408 INFO::Fitting model to feature number 27, COMPLETE.ARO.PWY..superpathway.of.aromatic.amino.acid.biosynthesis
2026-02-16 12:48:06.996469 INFO::Fitting model to feature number 28, CRNFORCAT.PWY..creatinine.degradation.I
2026-02-16 12:48:06.997526 INFO::Fitting model to feature number 29, DAPLYSINESYN.PWY..L.lysine.biosynthesis.I
2026-02-16 12:48:06.998595 INFO::Fitting model to feature number 30, DENOVOPURINE2.PWY..superpathway.of.purine.nucleotides.de.novo.biosynthesis.II
2026-02-16 12:48:06.999654 INFO::Fitting model to feature number 31, DTDPRHAMSYN.PWY..dTDP..beta..L.rhamnose.biosynthesis
2026-02-16 12:48:07.000724 INFO::Fitting model to feature number 32, DTDPRHAMSYN.PWY..dTDP.L.rhamnose.biosynthesis.I
2026-02-16 12:48:07.007559 INFO::Fitting model to feature number 33, FAO.PWY..fatty.acid..beta..oxidation.I
2026-02-16 12:48:07.009603 INFO::Fitting model to feature number 34, FASYN.ELONG.PWY..fatty.acid.elongation....saturated
2026-02-16 12:48:07.011198 INFO::Fitting model to feature number 35, FASYN.INITIAL.PWY..superpathway.of.fatty.acid.biosynthesis.initiation..E..coli.
2026-02-16 12:48:07.012833 INFO::Fitting model to feature number 36, FERMENTATION.PWY..mixed.acid.fermentation
2026-02-16 12:48:07.014454 INFO::Fitting model to feature number 37, FOLSYN.PWY..superpathway.of.tetrahydrofolate.biosynthesis.and.salvage
2026-02-16 12:48:07.016021 INFO::Fitting model to feature number 38, FUCCAT.PWY..fucose.degradation
2026-02-16 12:48:07.017581 INFO::Fitting model to feature number 39, GALACT.GLUCUROCAT.PWY..superpathway.of.hexuronide.and.hexuronate.degradation
2026-02-16 12:48:07.019081 INFO::Fitting model to feature number 40, GALACTARDEG.PWY..D.galactarate.degradation.I
2026-02-16 12:48:07.020723 INFO::Fitting model to feature number 41, GALACTUROCAT.PWY..D.galacturonate.degradation.I
2026-02-16 12:48:07.022432 INFO::Fitting model to feature number 42, GLCMANNANAUT.PWY..superpathway.of.N.acetylglucosamine..N.acetylmannosamine.and.N.acetylneuraminate.degradation
2026-02-16 12:48:07.024098 INFO::Fitting model to feature number 43, GLUCARDEG.PWY..D.glucarate.degradation.I
2026-02-16 12:48:07.025772 INFO::Fitting model to feature number 44, GLUCARGALACTSUPER.PWY..superpathway.of.D.glucarate.and.D.galactarate.degradation
2026-02-16 12:48:07.027378 INFO::Fitting model to feature number 45, GLUCONEO.PWY..gluconeogenesis.I
2026-02-16 12:48:07.028479 INFO::Fitting model to feature number 46, GLUCOSE1PMETAB.PWY..glucose.and.glucose.1.phosphate.degradation
2026-02-16 12:48:07.029591 INFO::Fitting model to feature number 47, GLUCUROCAT.PWY..superpathway.of..beta..D.glucuronide.and.D.glucuronate.degradation
2026-02-16 12:48:07.03073 INFO::Fitting model to feature number 48, GLUCUROCAT.PWY..superpathway.of..beta..D.glucuronosides.degradation
2026-02-16 12:48:07.031863 INFO::Fitting model to feature number 49, GLUDEG.I.PWY..GABA.shunt
2026-02-16 12:48:07.032995 INFO::Fitting model to feature number 50, GLUTORN.PWY..L.ornithine.biosynthesis
2026-02-16 12:48:07.034124 INFO::Fitting model to feature number 51, GLUTORN.PWY..L.ornithine.biosynthesis.I
2026-02-16 12:48:07.035252 INFO::Fitting model to feature number 52, GLYCOCAT.PWY..glycogen.degradation.I
2026-02-16 12:48:07.036366 INFO::Fitting model to feature number 53, GLYCOCAT.PWY..glycogen.degradation.I..bacterial.
2026-02-16 12:48:07.037489 INFO::Fitting model to feature number 54, GLYCOGENSYNTH.PWY..glycogen.biosynthesis.I..from.ADP.D.Glucose.
2026-02-16 12:48:07.038607 INFO::Fitting model to feature number 55, GLYCOLYSIS.E.D..superpathway.of.glycolysis.and.Entner.Doudoroff
2026-02-16 12:48:07.039759 INFO::Fitting model to feature number 56, GLYCOLYSIS.E.D..superpathway.of.glycolysis.and.the.Entner.Doudoroff.pathway
2026-02-16 12:48:07.040865 INFO::Fitting model to feature number 57, GLYCOLYSIS.TCA.GLYOX.BYPASS..superpathway.of.glycolysis..pyruvate.dehydrogenase..TCA..and.glyoxylate.bypass
2026-02-16 12:48:07.041975 INFO::Fitting model to feature number 58, GLYCOLYSIS..glycolysis.I..from.glucose.6.phosphate.
2026-02-16 12:48:07.043102 INFO::Fitting model to feature number 59, GLYOXYLATE.BYPASS..glyoxylate.cycle
2026-02-16 12:48:07.044261 INFO::Fitting model to feature number 60, GOLPDLCAT.PWY..superpathway.of.glycerol.degradation.to.1.3.propanediol
2026-02-16 12:48:07.045373 INFO::Fitting model to feature number 61, HEME.BIOSYNTHESIS.II..heme.b.biosynthesis.I..aerobic.
2026-02-16 12:48:07.046536 INFO::Fitting model to feature number 62, HEME.BIOSYNTHESIS.II..heme.biosynthesis.I..aerobic.
2026-02-16 12:48:07.047754 INFO::Fitting model to feature number 63, HEMESYN2.PWY..heme.b.biosynthesis.II..oxygen.independent.
2026-02-16 12:48:07.048878 INFO::Fitting model to feature number 64, HEMESYN2.PWY..heme.biosynthesis.II..anaerobic.
2026-02-16 12:48:07.049977 INFO::Fitting model to feature number 65, HEXITOLDEGSUPER.PWY..superpathway.of.hexitol.degradation..bacteria.
2026-02-16 12:48:07.05107 INFO::Fitting model to feature number 66, HISDEG.PWY..L.histidine.degradation.I
2026-02-16 12:48:07.052215 INFO::Fitting model to feature number 67, HISTSYN.PWY..L.histidine.biosynthesis
2026-02-16 12:48:07.05333 INFO::Fitting model to feature number 68, HOMOSER.METSYN.PWY..L.methionine.biosynthesis.I
2026-02-16 12:48:07.05443 INFO::Fitting model to feature number 69, HSERMETANA.PWY..L.methionine.biosynthesis.III
2026-02-16 12:48:07.055549 INFO::Fitting model to feature number 70, ILEUSYN.PWY..L.isoleucine.biosynthesis.I..from.threonine.
2026-02-16 12:48:07.056674 INFO::Fitting model to feature number 71, KETOGLUCONMET.PWY..ketogluconate.metabolism
2026-02-16 12:48:07.057789 INFO::Fitting model to feature number 72, LACTOSECAT.PWY..lactose.and.galactose.degradation.I
2026-02-16 12:48:07.058903 INFO::Fitting model to feature number 73, MET.SAM.PWY..superpathway.of.S.adenosyl.L.methionine.biosynthesis
2026-02-16 12:48:07.06003 INFO::Fitting model to feature number 74, METH.ACETATE.PWY..methanogenesis.from.acetate
2026-02-16 12:48:07.061126 INFO::Fitting model to feature number 75, METSYN.PWY..L.homoserine.and.L.methionine.biosynthesis
2026-02-16 12:48:07.062285 INFO::Fitting model to feature number 76, METSYN.PWY..superpathway.of.L.homoserine.and.L.methionine.biosynthesis
2026-02-16 12:48:07.063413 INFO::Fitting model to feature number 77, NAGLIPASYN.PWY..lipid.IVA.biosynthesis
2026-02-16 12:48:07.064513 INFO::Fitting model to feature number 78, NAGLIPASYN.PWY..lipid.IVA.biosynthesis..E..coli.
2026-02-16 12:48:07.065626 INFO::Fitting model to feature number 79, NONMEVIPP.PWY..methylerythritol.phosphate.pathway.I
2026-02-16 12:48:07.066768 INFO::Fitting model to feature number 80, NONOXIPENT.PWY..pentose.phosphate.pathway..non.oxidative.branch.
2026-02-16 12:48:07.067889 INFO::Fitting model to feature number 81, NONOXIPENT.PWY..pentose.phosphate.pathway..non.oxidative.branch..I
2026-02-16 12:48:07.069007 INFO::Fitting model to feature number 82, OANTIGEN.PWY..O.antigen.building.blocks.biosynthesis..E..coli.
2026-02-16 12:48:07.070107 INFO::Fitting model to feature number 83, P108.PWY..pyruvate.fermentation.to.propanoate.I
2026-02-16 12:48:07.071232 INFO::Fitting model to feature number 84, P122.PWY..heterolactic.fermentation
2026-02-16 12:48:07.072312 INFO::Fitting model to feature number 85, P124.PWY..Bifidobacterium.shunt
2026-02-16 12:48:07.073423 INFO::Fitting model to feature number 86, P161.PWY..acetylene.degradation
2026-02-16 12:48:07.074532 INFO::Fitting model to feature number 87, P161.PWY..acetylene.degradation..anaerobic.
2026-02-16 12:48:07.07562 INFO::Fitting model to feature number 88, P162.PWY..L.glutamate.degradation.V..via.hydroxyglutarate.
2026-02-16 12:48:07.076729 INFO::Fitting model to feature number 89, P164.PWY..purine.nucleobases.degradation.I..anaerobic.
2026-02-16 12:48:07.077815 INFO::Fitting model to feature number 90, P185.PWY..formaldehyde.assimilation.III..dihydroxyacetone.cycle.
2026-02-16 12:48:07.078917 INFO::Fitting model to feature number 91, P23.PWY..reductive.TCA.cycle.I
2026-02-16 12:48:07.080019 INFO::Fitting model to feature number 92, P4.PWY..superpathway.of.L.lysine..L.threonine.and.L.methionine.biosynthesis.I
2026-02-16 12:48:07.081112 INFO::Fitting model to feature number 93, P41.PWY..pyruvate.fermentation.to.acetate.and..S..lactate.I
2026-02-16 12:48:07.082232 INFO::Fitting model to feature number 94, P42.PWY..incomplete.reductive.TCA.cycle
2026-02-16 12:48:07.083332 INFO::Fitting model to feature number 95, P441.PWY..superpathway.of.N.acetylneuraminate.degradation
2026-02-16 12:48:07.084412 INFO::Fitting model to feature number 96, P461.PWY..hexitol.fermentation.to.lactate..formate..ethanol.and.acetate
2026-02-16 12:48:07.085507 INFO::Fitting model to feature number 97, P562.PWY..myo.inositol.degradation.I
2026-02-16 12:48:07.086605 INFO::Fitting model to feature number 98, PANTO.PWY..phosphopantothenate.biosynthesis.I
2026-02-16 12:48:07.087693 INFO::Fitting model to feature number 99, PANTOSYN.PWY..pantothenate.and.coenzyme.A.biosynthesis.I
2026-02-16 12:48:07.0888 INFO::Fitting model to feature number 100, PANTOSYN.PWY..superpathway.of.coenzyme.A.biosynthesis.I..bacteria.
2026-02-16 12:48:07.089905 INFO::Fitting model to feature number 101, PENTOSE.P.PWY..pentose.phosphate.pathway
2026-02-16 12:48:07.091012 INFO::Fitting model to feature number 102, PEPTIDOGLYCANSYN.PWY..peptidoglycan.biosynthesis.I..meso.diaminopimelate.containing.
2026-02-16 12:48:07.092116 INFO::Fitting model to feature number 103, PHOSLIPSYN.PWY..superpathway.of.phospholipid.biosynthesis.I..bacteria.
2026-02-16 12:48:07.093205 INFO::Fitting model to feature number 104, POLYAMINSYN3.PWY..superpathway.of.polyamine.biosynthesis.II
2026-02-16 12:48:07.094312 INFO::Fitting model to feature number 105, POLYAMSYN.PWY..superpathway.of.polyamine.biosynthesis.I
2026-02-16 12:48:07.095392 INFO::Fitting model to feature number 106, POLYISOPRENSYN.PWY..polyisoprenoid.biosynthesis..E..coli.
2026-02-16 12:48:07.096497 INFO::Fitting model to feature number 107, PPGPPMET.PWY..ppGpp.biosynthesis
2026-02-16 12:48:07.097586 INFO::Fitting model to feature number 108, PPGPPMET.PWY..ppGpp.metabolism
2026-02-16 12:48:07.098648 INFO::Fitting model to feature number 109, PWY.1042..glycolysis.IV
2026-02-16 12:48:07.099743 INFO::Fitting model to feature number 110, PWY.1042..glycolysis.IV..plant.cytosol.
2026-02-16 12:48:07.100832 INFO::Fitting model to feature number 111, PWY.1269..CMP.3.deoxy.D.manno.octulosonate.biosynthesis
2026-02-16 12:48:07.101946 INFO::Fitting model to feature number 112, PWY.1269..CMP.3.deoxy.D.manno.octulosonate.biosynthesis.I
2026-02-16 12:48:07.103031 INFO::Fitting model to feature number 113, PWY.1861..formaldehyde.assimilation.II..RuMP.Cycle.
2026-02-16 12:48:07.104131 INFO::Fitting model to feature number 114, PWY.1861..formaldehyde.assimilation.II..assimilatory.RuMP.Cycle.
2026-02-16 12:48:07.105263 INFO::Fitting model to feature number 115, PWY.241..C4.photosynthetic.carbon.assimilation.cycle..NADP.ME.type
2026-02-16 12:48:07.10635 INFO::Fitting model to feature number 116, PWY.2723..trehalose.degradation.V
2026-02-16 12:48:07.10746 INFO::Fitting model to feature number 117, PWY.2941..L.lysine.biosynthesis.II
2026-02-16 12:48:07.108575 INFO::Fitting model to feature number 118, PWY.2942..L.lysine.biosynthesis.III
2026-02-16 12:48:07.109659 INFO::Fitting model to feature number 119, PWY.3001..superpathway.of.L.isoleucine.biosynthesis.I
2026-02-16 12:48:07.110737 INFO::Fitting model to feature number 120, PWY.3841..folate.transformations.II
2026-02-16 12:48:07.11185 INFO::Fitting model to feature number 121, PWY.3841..folate.transformations.II..plants.
2026-02-16 12:48:07.112941 INFO::Fitting model to feature number 122, PWY.4041...gamma..glutamyl.cycle
2026-02-16 12:48:07.114029 INFO::Fitting model to feature number 123, PWY.4242..pantothenate.and.coenzyme.A.biosynthesis.III
2026-02-16 12:48:07.115127 INFO::Fitting model to feature number 124, PWY.4321..L.glutamate.degradation.IV
2026-02-16 12:48:07.116205 INFO::Fitting model to feature number 125, PWY.4702..phytate.degradation.I
2026-02-16 12:48:07.117283 INFO::Fitting model to feature number 126, PWY.4981..L.proline.biosynthesis.II..from.arginine.
2026-02-16 12:48:07.118389 INFO::Fitting model to feature number 127, PWY.4984..urea.cycle
2026-02-16 12:48:07.119485 INFO::Fitting model to feature number 128, PWY.5005..biotin.biosynthesis.II
2026-02-16 12:48:07.120569 INFO::Fitting model to feature number 129, PWY.5022..4.aminobutanoate.degradation.V
2026-02-16 12:48:07.121669 INFO::Fitting model to feature number 130, PWY.5030..L.histidine.degradation.III
2026-02-16 12:48:07.122751 INFO::Fitting model to feature number 131, PWY.5083..NAD.NADH.phosphorylation.and.dephosphorylation
2026-02-16 12:48:07.123815 INFO::Fitting model to feature number 132, PWY.5097..L.lysine.biosynthesis.VI
2026-02-16 12:48:07.124901 INFO::Fitting model to feature number 133, PWY.5100..pyruvate.fermentation.to.acetate.and.lactate.II
2026-02-16 12:48:07.125975 INFO::Fitting model to feature number 134, PWY.5103..L.isoleucine.biosynthesis.III
2026-02-16 12:48:07.127086 INFO::Fitting model to feature number 135, PWY.5104..L.isoleucine.biosynthesis.IV
2026-02-16 12:48:07.128195 INFO::Fitting model to feature number 136, PWY.5121..superpathway.of.geranylgeranyl.diphosphate.biosynthesis.II..via.MEP.
2026-02-16 12:48:07.129295 INFO::Fitting model to feature number 137, PWY.5130..2.oxobutanoate.degradation.I
2026-02-16 12:48:07.130395 INFO::Fitting model to feature number 138, PWY.5136..fatty.acid..beta..oxidation.II..peroxisome.
2026-02-16 12:48:07.131481 INFO::Fitting model to feature number 139, PWY.5136..fatty.acid..beta..oxidation.II..plant.peroxisome.
2026-02-16 12:48:07.132545 INFO::Fitting model to feature number 140, PWY.5154..L.arginine.biosynthesis.III..via.N.acetyl.L.citrulline.
2026-02-16 12:48:07.13365 INFO::Fitting model to feature number 141, PWY.5173..superpathway.of.acetyl.CoA.biosynthesis
2026-02-16 12:48:07.134722 INFO::Fitting model to feature number 142, PWY.5177..glutaryl.CoA.degradation
2026-02-16 12:48:07.135793 INFO::Fitting model to feature number 143, PWY.5188..tetrapyrrole.biosynthesis.I..from.glutamate.
2026-02-16 12:48:07.136871 INFO::Fitting model to feature number 144, PWY.5189..tetrapyrrole.biosynthesis.II..from.glycine.
2026-02-16 12:48:07.137979 INFO::Fitting model to feature number 145, PWY.5265..peptidoglycan.biosynthesis.II..staphylococci.
2026-02-16 12:48:07.139075 INFO::Fitting model to feature number 146, PWY.5345..superpathway.of.L.methionine.biosynthesis..by.sulfhydrylation.
2026-02-16 12:48:07.140162 INFO::Fitting model to feature number 147, PWY.5347..superpathway.of.L.methionine.biosynthesis..transsulfuration.
2026-02-16 12:48:07.141242 INFO::Fitting model to feature number 148, PWY.5384..sucrose.degradation.IV..sucrose.phosphorylase.
2026-02-16 12:48:07.142326 INFO::Fitting model to feature number 149, PWY.5484..glycolysis.II..from.fructose.6.phosphate.
2026-02-16 12:48:07.143411 INFO::Fitting model to feature number 150, PWY.5497..purine.nucleobases.degradation.II..anaerobic.
2026-02-16 12:48:07.14449 INFO::Fitting model to feature number 151, PWY.5505..L.glutamate.and.L.glutamine.biosynthesis
2026-02-16 12:48:07.145578 INFO::Fitting model to feature number 152, PWY.5656..mannosylglycerate.biosynthesis.I
2026-02-16 12:48:07.146682 INFO::Fitting model to feature number 153, PWY.5659..GDP.mannose.biosynthesis
2026-02-16 12:48:07.147734 INFO::Fitting model to feature number 154, PWY.5667..CDP.diacylglycerol.biosynthesis.I
2026-02-16 12:48:07.148799 INFO::Fitting model to feature number 155, PWY.5675..nitrate.reduction.V..assimilatory.
2026-02-16 12:48:07.149871 INFO::Fitting model to feature number 156, PWY.5676..acetyl.CoA.fermentation.to.butanoate.II
2026-02-16 12:48:07.150972 INFO::Fitting model to feature number 157, PWY.5686..UMP.biosynthesis
2026-02-16 12:48:07.152048 INFO::Fitting model to feature number 158, PWY.5686..UMP.biosynthesis.I
2026-02-16 12:48:07.15313 INFO::Fitting model to feature number 159, PWY.5690..TCA.cycle.II..plants.and.fungi.
2026-02-16 12:48:07.154219 INFO::Fitting model to feature number 160, PWY.5695..inosine.5..phosphate.degradation
2026-02-16 12:48:07.155299 INFO::Fitting model to feature number 161, PWY.5695..urate.biosynthesis.inosine.5..phosphate.degradation
2026-02-16 12:48:07.156364 INFO::Fitting model to feature number 162, PWY.5723..Rubisco.shunt
2026-02-16 12:48:07.157432 INFO::Fitting model to feature number 163, PWY.5838..superpathway.of.menaquinol.8.biosynthesis.I
2026-02-16 12:48:07.158505 INFO::Fitting model to feature number 164, PWY.5840..superpathway.of.menaquinol.7.biosynthesis
2026-02-16 12:48:07.159587 INFO::Fitting model to feature number 165, PWY.5897..superpathway.of.menaquinol.11.biosynthesis
2026-02-16 12:48:07.160688 INFO::Fitting model to feature number 166, PWY.5898..superpathway.of.menaquinol.12.biosynthesis
2026-02-16 12:48:07.161768 INFO::Fitting model to feature number 167, PWY.5899..superpathway.of.menaquinol.13.biosynthesis
2026-02-16 12:48:07.162858 INFO::Fitting model to feature number 168, PWY.5910..superpathway.of.geranylgeranyldiphosphate.biosynthesis.I..via.mevalonate.
2026-02-16 12:48:07.163958 INFO::Fitting model to feature number 169, PWY.5913..TCA.cycle.VI..obligate.autotrophs.
2026-02-16 12:48:07.16506 INFO::Fitting model to feature number 170, PWY.5913..partial.TCA.cycle..obligate.autotrophs.
2026-02-16 12:48:07.166172 INFO::Fitting model to feature number 171, PWY.5918..superpathay.of.heme.biosynthesis.from.glutamate
2026-02-16 12:48:07.167265 INFO::Fitting model to feature number 172, PWY.5918..superpathway.of.heme.b.biosynthesis.from.glutamate
2026-02-16 12:48:07.168344 INFO::Fitting model to feature number 173, PWY.5941..glycogen.degradation.II
2026-02-16 12:48:07.169397 INFO::Fitting model to feature number 174, PWY.5941..glycogen.degradation.II..eukaryotic.
2026-02-16 12:48:07.17048 INFO::Fitting model to feature number 175, PWY.5973..cis.vaccenate.biosynthesis
2026-02-16 12:48:07.171551 INFO::Fitting model to feature number 176, PWY.5981..CDP.diacylglycerol.biosynthesis.III
2026-02-16 12:48:07.172635 INFO::Fitting model to feature number 177, PWY.5989..stearate.biosynthesis.II..bacteria.and.plants.
2026-02-16 12:48:07.173718 INFO::Fitting model to feature number 178, PWY.6121..5.aminoimidazole.ribonucleotide.biosynthesis.I
2026-02-16 12:48:07.174809 INFO::Fitting model to feature number 179, PWY.6122..5.aminoimidazole.ribonucleotide.biosynthesis.II
2026-02-16 12:48:07.17592 INFO::Fitting model to feature number 180, PWY.6123..inosine.5..phosphate.biosynthesis.I
2026-02-16 12:48:07.17699 INFO::Fitting model to feature number 181, PWY.6124..inosine.5..phosphate.biosynthesis.II
2026-02-16 12:48:07.178073 INFO::Fitting model to feature number 182, PWY.6125..superpathway.of.guanosine.nucleotides.de.novo.biosynthesis.II
2026-02-16 12:48:07.17916 INFO::Fitting model to feature number 183, PWY.6126..superpathway.of.adenosine.nucleotides.de.novo.biosynthesis.II
2026-02-16 12:48:07.180277 INFO::Fitting model to feature number 184, PWY.6143..CMP.pseudaminate.biosynthesis
2026-02-16 12:48:07.18135 INFO::Fitting model to feature number 185, PWY.6147..6.hydroxymethyl.dihydropterin.diphosphate.biosynthesis.I
2026-02-16 12:48:07.182405 INFO::Fitting model to feature number 186, PWY.6151..S.adenosyl.L.methionine.cycle.I
2026-02-16 12:48:07.183505 INFO::Fitting model to feature number 187, PWY.6151..S.adenosyl.L.methionine.salvage.I
2026-02-16 12:48:07.184597 INFO::Fitting model to feature number 188, PWY.6163..chorismate.biosynthesis.from.3.dehydroquinate
2026-02-16 12:48:07.185685 INFO::Fitting model to feature number 189, PWY.6168..flavin.biosynthesis.III..fungi.
2026-02-16 12:48:07.186787 INFO::Fitting model to feature number 190, PWY.621..sucrose.degradation.III..sucrose.invertase.
2026-02-16 12:48:07.187872 INFO::Fitting model to feature number 191, PWY.6263..superpathway.of.menaquinol.8.biosynthesis.II
2026-02-16 12:48:07.188992 INFO::Fitting model to feature number 192, PWY.6270..isoprene.biosynthesis.I
2026-02-16 12:48:07.19009 INFO::Fitting model to feature number 193, PWY.6277..superpathway.of.5.aminoimidazole.ribonucleotide.biosynthesis
2026-02-16 12:48:07.191183 INFO::Fitting model to feature number 194, PWY.6282..palmitoleate.biosynthesis.I..from..5Z..dodec.5.enoate.
2026-02-16 12:48:07.192269 INFO::Fitting model to feature number 195, PWY.6292..superpathway.of.L.cysteine.biosynthesis..mammalian.
2026-02-16 12:48:07.193358 INFO::Fitting model to feature number 196, PWY.6293..superpathway.of.L.cysteine.biosynthesis..fungi.
2026-02-16 12:48:07.194452 INFO::Fitting model to feature number 197, PWY.6305..putrescine.biosynthesis.IV
2026-02-16 12:48:07.195535 INFO::Fitting model to feature number 198, PWY.6305..superpathway.of.putrescine.biosynthesis
2026-02-16 12:48:07.196625 INFO::Fitting model to feature number 199, PWY.6317..D.galactose.degradation.I..Leloir.pathway.
2026-02-16 12:48:07.197719 INFO::Fitting model to feature number 200, PWY.6317..galactose.degradation.I..Leloir.pathway.
2026-02-16 12:48:07.19881 INFO::Fitting model to feature number 201, PWY.6353..purine.nucleotides.degradation.II..aerobic.
2026-02-16 12:48:07.1999 INFO::Fitting model to feature number 202, PWY.6385..peptidoglycan.biosynthesis.III..mycobacteria.
2026-02-16 12:48:07.201086 INFO::Fitting model to feature number 203, PWY.6386..UDP.N.acetylmuramoyl.pentapeptide.biosynthesis.II..lysine.containing.
2026-02-16 12:48:07.202237 INFO::Fitting model to feature number 204, PWY.6387..UDP.N.acetylmuramoyl.pentapeptide.biosynthesis.I..meso.diaminopimelate.containing.
2026-02-16 12:48:07.203353 INFO::Fitting model to feature number 205, PWY.6470..peptidoglycan.biosynthesis.V...beta..lactam.resistance.
2026-02-16 12:48:07.20448 INFO::Fitting model to feature number 206, PWY.6471..peptidoglycan.biosynthesis.IV..Enterococcus.faecium.
2026-02-16 12:48:07.205637 INFO::Fitting model to feature number 207, PWY.6507..4.deoxy.L.threo.hex.4.enopyranuronate.degradation
2026-02-16 12:48:07.206764 INFO::Fitting model to feature number 208, PWY.6519..8.amino.7.oxononanoate.biosynthesis.I
2026-02-16 12:48:07.207878 INFO::Fitting model to feature number 209, PWY.6527..stachyose.degradation
2026-02-16 12:48:07.209008 INFO::Fitting model to feature number 210, PWY.6531..mannitol.cycle
2026-02-16 12:48:07.210148 INFO::Fitting model to feature number 211, PWY.6545..pyrimidine.deoxyribonucleotides.de.novo.biosynthesis.III
2026-02-16 12:48:07.211294 INFO::Fitting model to feature number 212, PWY.6549..L.glutamine.biosynthesis.III
2026-02-16 12:48:07.212432 INFO::Fitting model to feature number 213, PWY.6588..pyruvate.fermentation.to.acetone
2026-02-16 12:48:07.213564 INFO::Fitting model to feature number 214, PWY.6590..superpathway.of.Clostridium.acetobutylicum.acidogenic.fermentation
2026-02-16 12:48:07.21472 INFO::Fitting model to feature number 215, PWY.6595..superpathway.of.guanosine.nucleotides.degradation..plants.
2026-02-16 12:48:07.215839 INFO::Fitting model to feature number 216, PWY.6606..guanosine.nucleotides.degradation.II
2026-02-16 12:48:07.216956 INFO::Fitting model to feature number 217, PWY.6607..guanosine.nucleotides.degradation.I
2026-02-16 12:48:07.218102 INFO::Fitting model to feature number 218, PWY.6608..guanosine.nucleotides.degradation.III
2026-02-16 12:48:07.219253 INFO::Fitting model to feature number 219, PWY.6609..adenine.and.adenosine.salvage.III
2026-02-16 12:48:07.220376 INFO::Fitting model to feature number 220, PWY.6612..superpathway.of.tetrahydrofolate.biosynthesis
2026-02-16 12:48:07.22149 INFO::Fitting model to feature number 221, PWY.6628..superpathway.of.L.phenylalanine.biosynthesis
2026-02-16 12:48:07.222654 INFO::Fitting model to feature number 222, PWY.6629..superpathway.of.L.tryptophan.biosynthesis
2026-02-16 12:48:07.223783 INFO::Fitting model to feature number 223, PWY.6630..superpathway.of.L.tyrosine.biosynthesis
2026-02-16 12:48:07.224937 INFO::Fitting model to feature number 224, PWY.6700..queuosine.biosynthesis
2026-02-16 12:48:07.226061 INFO::Fitting model to feature number 225, PWY.6700..queuosine.biosynthesis.I..de.novo.
2026-02-16 12:48:07.227194 INFO::Fitting model to feature number 226, PWY.6703..preQ0.biosynthesis
2026-02-16 12:48:07.228284 INFO::Fitting model to feature number 227, PWY.6731..starch.degradation.III
2026-02-16 12:48:07.22937 INFO::Fitting model to feature number 228, PWY.6737..starch.degradation.V
2026-02-16 12:48:07.230482 INFO::Fitting model to feature number 229, PWY.6749..CMP.legionaminate.biosynthesis.I
2026-02-16 12:48:07.231597 INFO::Fitting model to feature number 230, PWY.6803..phosphatidylcholine.acyl.editing
2026-02-16 12:48:07.232711 INFO::Fitting model to feature number 231, PWY.6823..molybdopterin.biosynthesis
2026-02-16 12:48:07.233806 INFO::Fitting model to feature number 232, PWY.6859..all.trans.farnesol.biosynthesis
2026-02-16 12:48:07.234908 INFO::Fitting model to feature number 233, PWY.6892..thiazole.biosynthesis.I..E..coli.
2026-02-16 12:48:07.236022 INFO::Fitting model to feature number 234, PWY.6897..thiamin.salvage.II
2026-02-16 12:48:07.23711 INFO::Fitting model to feature number 235, PWY.6897..thiamine.diphosphate.salvage.II
2026-02-16 12:48:07.238225 INFO::Fitting model to feature number 236, PWY.6901..superpathway.of.glucose.and.xylose.degradation
2026-02-16 12:48:07.239346 INFO::Fitting model to feature number 237, PWY.6902..chitin.degradation.II..Vibrio.
2026-02-16 12:48:07.240457 INFO::Fitting model to feature number 238, PWY.6936..seleno.amino.acid.biosynthesis
2026-02-16 12:48:07.24155 INFO::Fitting model to feature number 239, PWY.6936..seleno.amino.acid.biosynthesis..plants.
2026-02-16 12:48:07.242637 INFO::Fitting model to feature number 240, PWY.6969..TCA.cycle.V..2.oxoglutarate.synthase.
2026-02-16 12:48:07.243725 INFO::Fitting model to feature number 241, PWY.6969..TCA.cycle.V..2.oxoglutarate.ferredoxin.oxidoreductase.
2026-02-16 12:48:07.244825 INFO::Fitting model to feature number 242, PWY.7013..L.1.2.propanediol.degradation
2026-02-16 12:48:07.245957 INFO::Fitting model to feature number 243, PWY.702..L.methionine.biosynthesis.II
2026-02-16 12:48:07.247077 INFO::Fitting model to feature number 244, PWY.7111..pyruvate.fermentation.to.isobutanol..engineered.
2026-02-16 12:48:07.24818 INFO::Fitting model to feature number 245, PWY.7115..C4.photosynthetic.carbon.assimilation.cycle..NAD.ME.type
2026-02-16 12:48:07.249287 INFO::Fitting model to feature number 246, PWY.7117..C4.photosynthetic.carbon.assimilation.cycle..PEPCK.type
2026-02-16 12:48:07.250401 INFO::Fitting model to feature number 247, PWY.7184..pyrimidine.deoxyribonucleotides.de.novo.biosynthesis.I
2026-02-16 12:48:07.251512 INFO::Fitting model to feature number 248, PWY.7187..pyrimidine.deoxyribonucleotides.de.novo.biosynthesis.II
2026-02-16 12:48:07.252628 INFO::Fitting model to feature number 249, PWY.7197..pyrimidine.deoxyribonucleotide.phosphorylation
2026-02-16 12:48:07.253748 INFO::Fitting model to feature number 250, PWY.7198..pyrimidine.deoxyribonucleotides.de.novo.biosynthesis.IV
2026-02-16 12:48:07.254877 INFO::Fitting model to feature number 251, PWY.7199..pyrimidine.deoxyribonucleosides.salvage
2026-02-16 12:48:07.255977 INFO::Fitting model to feature number 252, PWY.7208..superpathway.of.pyrimidine.nucleobases.salvage
2026-02-16 12:48:07.257097 INFO::Fitting model to feature number 253, PWY.7209..superpathway.of.pyrimidine.ribonucleosides.degradation
2026-02-16 12:48:07.258205 INFO::Fitting model to feature number 254, PWY.7211..superpathway.of.pyrimidine.deoxyribonucleotides.de.novo.biosynthesis
2026-02-16 12:48:07.259301 INFO::Fitting model to feature number 255, PWY.7219..adenosine.ribonucleotides.de.novo.biosynthesis
2026-02-16 12:48:07.260422 INFO::Fitting model to feature number 256, PWY.7220..adenosine.deoxyribonucleotides.de.novo.biosynthesis.II
2026-02-16 12:48:07.261528 INFO::Fitting model to feature number 257, PWY.7221..guanosine.ribonucleotides.de.novo.biosynthesis
2026-02-16 12:48:07.262632 INFO::Fitting model to feature number 258, PWY.7222..guanosine.deoxyribonucleotides.de.novo.biosynthesis.II
2026-02-16 12:48:07.263773 INFO::Fitting model to feature number 259, PWY.7228..superpathway.of.guanosine.nucleotides.de.novo.biosynthesis.I
2026-02-16 12:48:07.264852 INFO::Fitting model to feature number 260, PWY.7229..superpathway.of.adenosine.nucleotides.de.novo.biosynthesis.I
2026-02-16 12:48:07.265919 INFO::Fitting model to feature number 261, PWY.7234..inosine.5..phosphate.biosynthesis.III
2026-02-16 12:48:07.267007 INFO::Fitting model to feature number 262, PWY.7237..myo...chiro..and.scillo.inositol.degradation
2026-02-16 12:48:07.268047 INFO::Fitting model to feature number 263, PWY.7237..myo...chiro..and.scyllo.inositol.degradation
2026-02-16 12:48:07.269102 INFO::Fitting model to feature number 264, PWY.7238..sucrose.biosynthesis.II
2026-02-16 12:48:07.27017 INFO::Fitting model to feature number 265, PWY.7242..D.fructuronate.degradation
2026-02-16 12:48:07.271248 INFO::Fitting model to feature number 266, PWY.724..superpathway.of.L.lysine..L.threonine.and.L.methionine.biosynthesis.II
2026-02-16 12:48:07.272331 INFO::Fitting model to feature number 267, PWY.7254..TCA.cycle.VII..acetate.producers.
2026-02-16 12:48:07.273394 INFO::Fitting model to feature number 268, PWY.7282..4.amino.2.methyl.5.diphosphomethylpyrimidine.biosynthesis.II
2026-02-16 12:48:07.274459 INFO::Fitting model to feature number 269, PWY.7282..4.amino.2.methyl.5.phosphomethylpyrimidine.biosynthesis..yeast.
2026-02-16 12:48:07.275528 INFO::Fitting model to feature number 270, PWY.7315..dTDP.N.acetylthomosamine.biosynthesis
2026-02-16 12:48:07.276587 INFO::Fitting model to feature number 271, PWY.7316..dTDP.N.acetylviosamine.biosynthesis
2026-02-16 12:48:07.277653 INFO::Fitting model to feature number 272, PWY.7323..superpathway.of.GDP.mannose.derived.O.antigen.building.blocks.biosynthesis
2026-02-16 12:48:07.278709 INFO::Fitting model to feature number 273, PWY.7328..superpathway.of.UDP.glucose.derived.O.antigen.building.blocks.biosynthesis
2026-02-16 12:48:07.279806 INFO::Fitting model to feature number 274, PWY.7332..superpathway.of.UDP.N.acetylglucosamine.derived.O.antigen.building.blocks.biosynthesis
2026-02-16 12:48:07.280879 INFO::Fitting model to feature number 275, PWY.7345..superpathway.of.anaerobic.sucrose.degradation
2026-02-16 12:48:07.281961 INFO::Fitting model to feature number 276, PWY.7356..thiamine.diphosphate.salvage.IV..yeast.
2026-02-16 12:48:07.283045 INFO::Fitting model to feature number 277, PWY.7357..thiamin.formation.from.pyrithiamine.and.oxythiamine..yeast.
2026-02-16 12:48:07.284142 INFO::Fitting model to feature number 278, PWY.7357..thiamine.phosphate.formation.from.pyrithiamine.and.oxythiamine..yeast.
2026-02-16 12:48:07.285237 INFO::Fitting model to feature number 279, PWY.7371..1.4.dihydroxy.6.naphthoate.biosynthesis.II
2026-02-16 12:48:07.286318 INFO::Fitting model to feature number 280, PWY.7383..anaerobic.energy.metabolism..invertebrates..cytosol.
2026-02-16 12:48:07.287404 INFO::Fitting model to feature number 281, PWY.7388..octanoyl..acyl.carrier.protein..biosynthesis..mitochondria..yeast.
2026-02-16 12:48:07.288496 INFO::Fitting model to feature number 282, PWY.7392..taxadiene.biosynthesis..engineered.
2026-02-16 12:48:07.289582 INFO::Fitting model to feature number 283, PWY.7400..L.arginine.biosynthesis.IV..archaebacteria.
2026-02-16 12:48:07.290649 INFO::Fitting model to feature number 284, PWY.7456...beta...1.4..mannan.degradation
2026-02-16 12:48:07.29172 INFO::Fitting model to feature number 285, PWY.7456..mannan.degradation
2026-02-16 12:48:07.292797 INFO::Fitting model to feature number 286, PWY.7539..6.hydroxymethyl.dihydropterin.diphosphate.biosynthesis.III..Chlamydia.
2026-02-16 12:48:07.293874 INFO::Fitting model to feature number 287, PWY.7560..methylerythritol.phosphate.pathway.II
2026-02-16 12:48:07.294938 INFO::Fitting model to feature number 288, PWY.7616..methanol.oxidation.to.carbon.dioxide
2026-02-16 12:48:07.295998 INFO::Fitting model to feature number 289, PWY.7663..gondoate.biosynthesis..anaerobic.
2026-02-16 12:48:07.297069 INFO::Fitting model to feature number 290, PWY.7664..oleate.biosynthesis.IV..anaerobic.
2026-02-16 12:48:07.298118 INFO::Fitting model to feature number 291, PWY.7688..dTDP..alpha..D.ravidosamine.and.dTDP.4.acetyl..alpha..D.ravidosamine.biosynthesis
2026-02-16 12:48:07.299202 INFO::Fitting model to feature number 292, PWY.7761..NAD.salvage.pathway.II..PNC.IV.cycle.
2026-02-16 12:48:07.300289 INFO::Fitting model to feature number 293, PWY.7790..UMP.biosynthesis.II
2026-02-16 12:48:07.301368 INFO::Fitting model to feature number 294, PWY.7791..UMP.biosynthesis.III
2026-02-16 12:48:07.302448 INFO::Fitting model to feature number 295, PWY.7851..coenzyme.A.biosynthesis.II..eukaryotic.
2026-02-16 12:48:07.303577 INFO::Fitting model to feature number 296, PWY.7883..anhydromuropeptides.recycling.II
2026-02-16 12:48:07.304767 INFO::Fitting model to feature number 297, PWY.7953..UDP.N.acetylmuramoyl.pentapeptide.biosynthesis.III..meso.diaminopimelate.containing.
2026-02-16 12:48:07.3059 INFO::Fitting model to feature number 298, PWY.7977..L.methionine.biosynthesis.IV
2026-02-16 12:48:07.306971 INFO::Fitting model to feature number 299, PWY.8004..Entner.Doudoroff.pathway.I
2026-02-16 12:48:07.308051 INFO::Fitting model to feature number 300, PWY.801..homocysteine.and.cysteine.interconversion
2026-02-16 12:48:07.309121 INFO::Fitting model to feature number 301, PWY.8073..lipid.IVA.biosynthesis..P..putida.
2026-02-16 12:48:07.310205 INFO::Fitting model to feature number 302, PWY.8131..5..deoxyadenosine.degradation.II
2026-02-16 12:48:07.311282 INFO::Fitting model to feature number 303, PWY.8178..pentose.phosphate.pathway..non.oxidative.branch..II
2026-02-16 12:48:07.312351 INFO::Fitting model to feature number 304, PWY.8187..L.arginine.degradation.XIII..reductive.Stickland.reaction.
2026-02-16 12:48:07.313427 INFO::Fitting model to feature number 305, PWY.821..superpathway.of.sulfur.amino.acid.biosynthesis..Saccharomyces.cerevisiae.
2026-02-16 12:48:07.314531 INFO::Fitting model to feature number 306, PWY.841..superpathway.of.purine.nucleotides.de.novo.biosynthesis.I
2026-02-16 12:48:07.315617 INFO::Fitting model to feature number 307, PWY.922..mevalonate.pathway.I
2026-02-16 12:48:07.316679 INFO::Fitting model to feature number 308, PWY.922..mevalonate.pathway.I..eukaryotes.and.bacteria.
2026-02-16 12:48:07.317739 INFO::Fitting model to feature number 309, PWY.I9..L.cysteine.biosynthesis.VI..from.L.methionine.
2026-02-16 12:48:07.318806 INFO::Fitting model to feature number 310, PWY0.1061..superpathway.of.L.alanine.biosynthesis
2026-02-16 12:48:07.31987 INFO::Fitting model to feature number 311, PWY0.1241..ADP.L.glycero..beta..D.manno.heptose.biosynthesis
2026-02-16 12:48:07.320935 INFO::Fitting model to feature number 312, PWY0.1261..anhydromuropeptides.recycling
2026-02-16 12:48:07.32199 INFO::Fitting model to feature number 313, PWY0.1261..anhydromuropeptides.recycling.I
2026-02-16 12:48:07.323022 INFO::Fitting model to feature number 314, PWY0.1296..purine.ribonucleosides.degradation
2026-02-16 12:48:07.324064 INFO::Fitting model to feature number 315, PWY0.1297..superpathway.of.purine.deoxyribonucleosides.degradation
2026-02-16 12:48:07.325107 INFO::Fitting model to feature number 316, PWY0.1298..superpathway.of.pyrimidine.deoxyribonucleosides.degradation
2026-02-16 12:48:07.326168 INFO::Fitting model to feature number 317, PWY0.1319..CDP.diacylglycerol.biosynthesis.II
2026-02-16 12:48:07.327202 INFO::Fitting model to feature number 318, PWY0.1477..ethanolamine.utilization
2026-02-16 12:48:07.328243 INFO::Fitting model to feature number 319, PWY0.1479..tRNA.processing
2026-02-16 12:48:07.329271 INFO::Fitting model to feature number 320, PWY0.1586..peptidoglycan.maturation..meso.diaminopimelate.containing.
2026-02-16 12:48:07.330325 INFO::Fitting model to feature number 321, PWY0.162..superpathway.of.pyrimidine.ribonucleotides.de.novo.biosynthesis
2026-02-16 12:48:07.331371 INFO::Fitting model to feature number 322, PWY0.166..superpathway.of.pyrimidine.deoxyribonucleotides.de.novo.biosynthesis..E..coli.
2026-02-16 12:48:07.332409 INFO::Fitting model to feature number 323, PWY0.781..aspartate.superpathway
2026-02-16 12:48:07.333444 INFO::Fitting model to feature number 324, PWY0.845..superpathway.of.pyridoxal.5..phosphate.biosynthesis.and.salvage
2026-02-16 12:48:07.334483 INFO::Fitting model to feature number 325, PWY0.862...5Z..dodec.5.enoate.biosynthesis
2026-02-16 12:48:07.335524 INFO::Fitting model to feature number 326, PWY0.862...5Z..dodecenoate.biosynthesis.I
2026-02-16 12:48:07.336596 INFO::Fitting model to feature number 327, PWY1ZNC.1..assimilatory.sulfate.reduction.IV
2026-02-16 12:48:07.33767 INFO::Fitting model to feature number 328, PWY4FS.7..phosphatidylglycerol.biosynthesis.I..plastidic.
2026-02-16 12:48:07.33871 INFO::Fitting model to feature number 329, PWY4FS.8..phosphatidylglycerol.biosynthesis.II..non.plastidic.
2026-02-16 12:48:07.339747 INFO::Fitting model to feature number 330, PWY4LZ.257..superpathway.of.fermentation..Chlamydomonas.reinhardtii.
2026-02-16 12:48:07.340794 INFO::Fitting model to feature number 331, PWY66.367..ketogenesis
2026-02-16 12:48:07.341839 INFO::Fitting model to feature number 332, PWY66.391..fatty.acid..beta..oxidation.VI..mammalian.peroxisome.
2026-02-16 12:48:07.342888 INFO::Fitting model to feature number 333, PWY66.398..TCA.cycle.III..animals.
2026-02-16 12:48:07.343917 INFO::Fitting model to feature number 334, PWY66.399..gluconeogenesis.III
2026-02-16 12:48:07.344946 INFO::Fitting model to feature number 335, PWY66.400..glycolysis.VI..metazoan.
2026-02-16 12:48:07.345986 INFO::Fitting model to feature number 336, PWY66.409..superpathway.of.purine.nucleotide.salvage
2026-02-16 12:48:07.347011 INFO::Fitting model to feature number 337, PWY66.422..D.galactose.degradation.V..Leloir.pathway.
2026-02-16 12:48:07.348056 INFO::Fitting model to feature number 338, PWY66.429..fatty.acid.biosynthesis.initiation..mitochondria.
2026-02-16 12:48:07.349084 INFO::Fitting model to feature number 339, PWYG.321..mycolate.biosynthesis
2026-02-16 12:48:07.350126 INFO::Fitting model to feature number 340, PYRIDNUCSAL.PWY..NAD.salvage.pathway.I
2026-02-16 12:48:07.351192 INFO::Fitting model to feature number 341, PYRIDNUCSYN.PWY..NAD.biosynthesis.I..from.aspartate.
2026-02-16 12:48:07.352224 INFO::Fitting model to feature number 342, PYRIDNUCSYN.PWY..NAD.de.novo.biosynthesis.I..from.aspartate.
2026-02-16 12:48:07.353253 INFO::Fitting model to feature number 343, PYRIDOXSYN.PWY..pyridoxal.5..phosphate.biosynthesis.I
2026-02-16 12:48:07.354296 INFO::Fitting model to feature number 344, RHAMCAT.PWY..L.rhamnose.degradation.I
2026-02-16 12:48:07.355352 INFO::Fitting model to feature number 345, RIBOSYN2.PWY..flavin.biosynthesis.I..bacteria.and.plants.
2026-02-16 12:48:07.356395 INFO::Fitting model to feature number 346, RUMP.PWY..formaldehyde.oxidation.I
2026-02-16 12:48:07.357424 INFO::Fitting model to feature number 347, SALVADEHYPOX.PWY..adenosine.nucleotides.degradation.II
2026-02-16 12:48:07.358467 INFO::Fitting model to feature number 348, SER.GLYSYN.PWY..superpathway.of.L.serine.and.glycine.biosynthesis.I
2026-02-16 12:48:07.359518 INFO::Fitting model to feature number 349, SO4ASSIM.PWY..assimilatory.sulfate.reduction.I
2026-02-16 12:48:07.360568 INFO::Fitting model to feature number 350, SO4ASSIM.PWY..sulfate.reduction.I..assimilatory.
2026-02-16 12:48:07.361632 INFO::Fitting model to feature number 351, SULFATE.CYS.PWY..superpathway.of.sulfate.assimilation.and.cysteine.biosynthesis
2026-02-16 12:48:07.36267 INFO::Fitting model to feature number 352, TCA.GLYOX.BYPASS..superpathway.of.glyoxylate.bypass.and.TCA
2026-02-16 12:48:07.36372 INFO::Fitting model to feature number 353, TCA..TCA.cycle.I..prokaryotic.
2026-02-16 12:48:07.364758 INFO::Fitting model to feature number 354, TEICHOICACID.PWY..teichoic.acid..poly.glycerol..biosynthesis
2026-02-16 12:48:07.37342 INFO::Fitting model to feature number 355, THISYN.PWY..superpathway.of.thiamin.diphosphate.biosynthesis.I
2026-02-16 12:48:07.375718 INFO::Fitting model to feature number 356, THISYNARA.PWY..superpathway.of.thiamin.diphosphate.biosynthesis.III..eukaryotes.
2026-02-16 12:48:07.377381 INFO::Fitting model to feature number 357, THISYNARA.PWY..superpathway.of.thiamine.diphosphate.biosynthesis.III..eukaryotes.
2026-02-16 12:48:07.379069 INFO::Fitting model to feature number 358, THRESYN.PWY..superpathway.of.L.threonine.biosynthesis
2026-02-16 12:48:07.380657 INFO::Fitting model to feature number 359, TRNA.CHARGING.PWY..tRNA.charging
2026-02-16 12:48:07.382262 INFO::Fitting model to feature number 360, TRPSYN.PWY..L.tryptophan.biosynthesis
2026-02-16 12:48:07.383857 INFO::Fitting model to feature number 361, UDPNAGSYN.PWY..UDP.N.acetyl.D.glucosamine.biosynthesis.I
2026-02-16 12:48:07.385412 INFO::Fitting model to feature number 362, VALSYN.PWY..L.valine.biosynthesis
2026-02-16 12:48:07.407247 INFO::Counting total values for each feature
2026-02-16 12:48:07.414128 INFO::Writing filtered data to file MaAsLin2_Y_vs_O/features/filtered_data.tsv
2026-02-16 12:48:07.418409 INFO::Writing filtered, normalized data to file MaAsLin2_Y_vs_O/features/filtered_data_norm.tsv
2026-02-16 12:48:07.422533 INFO::Writing filtered, normalized, transformed data to file MaAsLin2_Y_vs_O/features/filtered_data_norm_transformed.tsv
2026-02-16 12:48:07.42771 INFO::Writing residuals to file MaAsLin2_Y_vs_O/fits/residuals.rds
2026-02-16 12:48:07.429743 INFO::Writing fitted values to file MaAsLin2_Y_vs_O/fits/fitted.rds
2026-02-16 12:48:07.430866 INFO::Writing all results to file (ordered by increasing q-values): MaAsLin2_Y_vs_O/all_results.tsv
2026-02-16 12:48:07.432493 INFO::Writing the significant results (those which are less than or equal to the threshold of 0.250000 ) to file (ordered by increasing q-values): MaAsLin2_Y_vs_O/significant_results.tsv
2026-02-16 12:48:07.433047 INFO::Writing heatmap of significant results to file: MaAsLin2_Y_vs_O/heatmap.pdf
2026-02-16 12:48:07.433779 INFO::Writing association plots (one for each significant association) to output folder: MaAsLin2_Y_vs_O
2026-02-16 12:48:07.435834 INFO::Plotting associations from most to least significant, grouped by metadata
2026-02-16 12:48:07.436234 INFO::Plotting data for metadata number 1, Groups
2026-02-16 12:48:07.43691 INFO::Creating boxplot for categorical data, Groups vs PWY0.1241..ADP.L.glycero..beta..D.manno.heptose.biosynthesis
2026-02-16 12:48:07.545643 INFO::Creating boxplot for categorical data, Groups vs PWY.6606..guanosine.nucleotides.degradation.II
2026-02-16 12:48:07.655702 INFO::Creating boxplot for categorical data, Groups vs PWY0.845..superpathway.of.pyridoxal.5..phosphate.biosynthesis.and.salvage
2026-02-16 12:48:07.777677 INFO::Creating boxplot for categorical data, Groups vs PWY.241..C4.photosynthetic.carbon.assimilation.cycle..NADP.ME.type
2026-02-16 12:48:07.892374 INFO::Creating boxplot for categorical data, Groups vs PWY.6527..stachyose.degradation
2026-02-16 12:48:08.014216 INFO::Creating boxplot for categorical data, Groups vs PWY.6608..guanosine.nucleotides.degradation.III
2026-02-16 12:48:08.1243 INFO::Creating boxplot for categorical data, Groups vs P164.PWY..purine.nucleobases.degradation.I..anaerobic.
2026-02-16 12:48:08.235637 INFO::Creating boxplot for categorical data, Groups vs PWY.7117..C4.photosynthetic.carbon.assimilation.cycle..PEPCK.type
2026-02-16 12:48:08.357376 INFO::Creating boxplot for categorical data, Groups vs PWY0.162..superpathway.of.pyrimidine.ribonucleotides.de.novo.biosynthesis
2026-02-16 12:48:08.467073 INFO::Creating boxplot for categorical data, Groups vs PYRIDOXSYN.PWY..pyridoxal.5..phosphate.biosynthesis.I
2026-02-16 12:48:08.589058 INFO::Creating boxplot for categorical data, Groups vs PWY.6545..pyrimidine.deoxyribonucleotides.de.novo.biosynthesis.III
2026-02-16 12:48:08.697436 INFO::Creating boxplot for categorical data, Groups vs COBALSYN.PWY..adenosylcobalamin.salvage.from.cobinamide.I
2026-02-16 12:48:08.807817 INFO::Creating boxplot for categorical data, Groups vs PWY0.1298..superpathway.of.pyrimidine.deoxyribonucleosides.degradation
2026-02-16 12:48:08.933531 INFO::Creating boxplot for categorical data, Groups vs PHOSLIPSYN.PWY..superpathway.of.phospholipid.biosynthesis.I..bacteria.
2026-02-16 12:48:09.052242 INFO::Creating boxplot for categorical data, Groups vs PWY.6969..TCA.cycle.V..2.oxoglutarate.ferredoxin.oxidoreductase.
2026-02-16 12:48:09.178224 INFO::Creating boxplot for categorical data, Groups vs FUCCAT.PWY..fucose.degradation
