2026-02-16 12:47:08.515159 INFO::Writing function arguments to log file
2026-02-16 12:47:08.520338 DEBUG::Function arguments
2026-02-16 12:47:08.524591 DEBUG::Output folder: MaAsLin2_DY_vs_DO
2026-02-16 12:47:08.524782 DEBUG::Min Abundance: 0.000000
2026-02-16 12:47:08.524948 DEBUG::Min Prevalence: 0.100000
2026-02-16 12:47:08.525107 DEBUG::Normalization: NONE
2026-02-16 12:47:08.525268 DEBUG::Transform: LOG
2026-02-16 12:47:08.525424 DEBUG::Analysis method: LM
2026-02-16 12:47:08.525578 DEBUG::Max significance: 0.250000
2026-02-16 12:47:08.525744 DEBUG::Random effects:
2026-02-16 12:47:08.525905 DEBUG::Fixed effects: Groups
2026-02-16 12:47:08.52606 DEBUG::Correction method: BH
2026-02-16 12:47:08.526219 DEBUG::Standardize: TRUE
2026-02-16 12:47:08.526371 DEBUG::Cores: 1
2026-02-16 12:47:08.526518 INFO::Verifying options selected are valid
2026-02-16 12:47:08.542928 INFO::Determining format of input files
2026-02-16 12:47:08.543442 INFO::Input format is data samples as rows and metadata samples as rows
2026-02-16 12:47:08.544535 DEBUG::A total of 30 samples were found in both the data and metadata
2026-02-16 12:47:08.544714 DEBUG::Reordering data/metadata to use same sample ordering
2026-02-16 12:47:08.547253 INFO::Formula for fixed effects: expr ~  Groups
2026-02-16 12:47:08.548016 INFO::Filter data based on min abundance and min prevalence
2026-02-16 12:47:08.548409 INFO::Total samples in data: 30
2026-02-16 12:47:08.548767 INFO::Min samples required with min abundance for a feature not to be filtered: 3.000000
2026-02-16 12:47:08.552386 INFO::Total filtered features: 130
2026-02-16 12:47:08.552927 INFO::Filtered feature names from abundance and prevalence filtering: ALLANTOINDEG.PWY..superpathway.of.allantoin.degradation.in.yeast, ARGDEG.PWY..superpathway.of.L.arginine..putrescine..and.4.aminobutanoate.degradation, ARGININE.SYN4.PWY..L.ornithine.biosynthesis.II, COBALSYN.PWY..superpathway.of.adenosylcobalamin.salvage.from.cobinamide.I, CRNFORCAT.PWY..creatinine.degradation.I, FOLSYN.PWY..superpathway.of.tetrahydrofolate.biosynthesis.and.salvage, GALACTITOLCAT.PWY..galactitol.degradation, GLYCOCAT.PWY..glycogen.degradation.I, GLYCOLYSIS.E.D..superpathway.of.glycolysis.and.the.Entner.Doudoroff.pathway, GLYCOLYSIS.TCA.GLYOX.BYPASS..superpathway.of.glycolysis..pyruvate.dehydrogenase..TCA..and.glyoxylate.bypass, HCAMHPDEG.PWY..3.phenylpropanoate.and.3..3.hydroxyphenyl.propanoate.degradation.to.2.oxopent.4.enoate, HEME.BIOSYNTHESIS.II..heme.b.biosynthesis.I..aerobic., HEMESYN2.PWY..heme.b.biosynthesis.II..oxygen.independent., METHGLYUT.PWY..superpathway.of.methylglyoxal.degradation, METSYN.PWY..superpathway.of.L.homoserine.and.L.methionine.biosynthesis, NAD.BIOSYNTHESIS.II..NAD.salvage.pathway.II, NAGLIPASYN.PWY..lipid.IVA.biosynthesis..E..coli., ORNARGDEG.PWY..superpathway.of.L.arginine.and.L.ornithine.degradation, ORNDEG.PWY..superpathway.of.ornithine.degradation, P105.PWY..TCA.cycle.IV..2.oxoglutarate.decarboxylase., P122.PWY..heterolactic.fermentation, P124.PWY..Bifidobacterium.shunt, P125.PWY..superpathway.of..R.R..butanediol.biosynthesis, P163.PWY..L.lysine.fermentation.to.acetate.and.butanoate, P185.PWY..formaldehyde.assimilation.III..dihydroxyacetone.cycle., P23.PWY..reductive.TCA.cycle.I, P621.PWY..nylon.6.oligomer.degradation, PPGPPMET.PWY..ppGpp.metabolism, PROPFERM.PWY..L.alanine.fermentation.to.propanoate.and.acetate, PROTOCATECHUATE.ORTHO.CLEAVAGE.PWY..protocatechuate.degradation.II..ortho.cleavage.pathway., PRPP.PWY..superpathway.of.histidine..purine..and.pyrimidine.biosynthesis, PWY.1269..CMP.3.deoxy.D.manno.octulosonate.biosynthesis, PWY.1861..formaldehyde.assimilation.II..assimilatory.RuMP.Cycle., PWY.3781..aerobic.respiration.I..cytochrome.c., PWY.4321..L.glutamate.degradation.IV, PWY.4702..phytate.degradation.I, PWY.4722..creatinine.degradation.II, PWY.5088..L.glutamate.degradation.VIII..to.propanoate., PWY.5130..2.oxobutanoate.degradation.I, PWY.5136..fatty.acid..beta..oxidation.II..plant.peroxisome., PWY.5138..unsaturated..even.numbered.fatty.acid..beta..oxidation, PWY.5173..superpathway.of.acetyl.CoA.biosynthesis, PWY.5304..superpathway.of.sulfur.oxidation..Acidianus.ambivalens., PWY.5464..superpathway.of.cytosolic.glycolysis..plants...pyruvate.dehydrogenase.and.TCA.cycle, PWY.5497..purine.nucleobases.degradation.II..anaerobic., PWY.561..superpathway.of.glyoxylate.cycle.and.fatty.acid.degradation, PWY.5656..mannosylglycerate.biosynthesis.I, PWY.5705..allantoin.degradation.to.glyoxylate.III, PWY.5791..1.4.dihydroxy.2.naphthoate.biosynthesis.II..plants., PWY.5837..1.4.dihydroxy.2.naphthoate.biosynthesis.I, PWY.5837..2.carboxy.1.4.naphthoquinol.biosynthesis, PWY.5838..superpathway.of.menaquinol.8.biosynthesis.I, PWY.5840..superpathway.of.menaquinol.7.biosynthesis, PWY.5845..superpathway.of.menaquinol.9.biosynthesis, PWY.5850..superpathway.of.menaquinol.6.biosynthesis.I, PWY.5860..superpathway.of.demethylmenaquinol.6.biosynthesis.I, PWY.5861..superpathway.of.demethylmenaquinol.8.biosynthesis, PWY.5861..superpathway.of.demethylmenaquinol.8.biosynthesis.I, PWY.5862..superpathway.of.demethylmenaquinol.9.biosynthesis, PWY.5863..superpathway.of.phylloquinol.biosynthesis, PWY.5896..superpathway.of.menaquinol.10.biosynthesis, PWY.5897..superpathway.of.menaquinol.11.biosynthesis, PWY.5898..superpathway.of.menaquinol.12.biosynthesis, PWY.5899..superpathway.of.menaquinol.13.biosynthesis, PWY.5918..superpathway.of.heme.b.biosynthesis.from.glutamate, PWY.5920..superpathway.of.heme.biosynthesis.from.glycine, PWY.5971..palmitate.biosynthesis.II..bacteria.and.plants., PWY.6113..superpathway.of.mycolate.biosynthesis, PWY.622..starch.biosynthesis, PWY.6263..superpathway.of.menaquinol.8.biosynthesis.II, PWY.6293..superpathway.of.L.cysteine.biosynthesis..fungi., PWY.6318..L.phenylalanine.degradation.IV..mammalian..via.side.chain., PWY.6471..peptidoglycan.biosynthesis.IV..Enterococcus.faecium., PWY.6531..mannitol.cycle, PWY.6583..pyruvate.fermentation.to.butanol.I, PWY.6612..superpathway.of.tetrahydrofolate.biosynthesis, PWY.6690..cinnamate.and.3.hydroxycinnamate.degradation.to.2.oxopent.4.enoate, PWY.6803..phosphatidylcholine.acyl.editing, PWY.6834..spermidine.biosynthesis.III, PWY.6863..pyruvate.fermentation.to.hexanol..engineered., PWY.6876..isopropanol.biosynthesis, PWY.6895..superpathway.of.thiamine.diphosphate.biosynthesis.II, PWY.6953..dTDP.3.acetamido..alpha..D.fucose.biosynthesis, PWY.6953..dTDP.3.acetamido.3.6.dideoxy..alpha..D.galactose.biosynthesis, PWY.6961..L.ascorbate.degradation.II..bacterial..aerobic., PWY.6969..TCA.cycle.V..2.oxoglutarate.ferredoxin.oxidoreductase., PWY.7003..glycerol.degradation.to.butanol, PWY.7013...S..propane.1.2.diol.degradation, PWY.7013..L.1.2.propanediol.degradation, PWY.7046..4.coumarate.degradation..anaerobic., PWY.7090..UDP.2.3.diacetamido.2.3.dideoxy..alpha..D.mannuronate.biosynthesis, PWY.7094..fatty.acid.salvage, PWY.7115..C4.photosynthetic.carbon.assimilation.cycle..NAD.ME.type, PWY.7196..superpathway.of.pyrimidine.ribonucleosides.salvage, PWY.7204..pyridoxal.5..phosphate.salvage.II..plants., PWY.7209..superpathway.of.pyrimidine.ribonucleosides.degradation, PWY.7210..pyrimidine.deoxyribonucleotides.biosynthesis.from.CTP, PWY.7211..superpathway.of.pyrimidine.deoxyribonucleotides.de.novo.biosynthesis, PWY.7254..TCA.cycle.VII..acetate.producers., PWY.7312..dTDP.D..beta..fucofuranose.biosynthesis, PWY.7332..superpathway.of.UDP.N.acetylglucosamine.derived.O.antigen.building.blocks.biosynthesis, PWY.7345..superpathway.of.anaerobic.sucrose.degradation, PWY.7371..1.4.dihydroxy.6.naphthoate.biosynthesis.II, PWY.7385..1.3.propanediol.biosynthesis..engineered., PWY.7392..taxadiene.biosynthesis..engineered., PWY.7396..butanol.and.isobutanol.biosynthesis..engineered., PWY.7456...beta...1.4..mannan.degradation, PWY.7616..methanol.oxidation.to.carbon.dioxide, PWY.7688..dTDP..alpha..D.ravidosamine.and.dTDP.4.acetyl..alpha..D.ravidosamine.biosynthesis, PWY.7883..anhydromuropeptides.recycling.II, PWY.7992..superpathway.of.menaquinol.8.biosynthesis.III, PWY.801..homocysteine.and.cysteine.interconversion, PWY.8073..lipid.IVA.biosynthesis..P..putida., PWY.8131..5..deoxyadenosine.degradation.II, PWY.922..mevalonate.pathway.I, PWY0.1261..anhydromuropeptides.recycling.I, PWY0.1415..superpathway.of.heme.biosynthesis.from.uroporphyrinogen.III, PWY1G.0..mycothiol.biosynthesis, PWY3DJ.35471..L.ascorbate.biosynthesis.IV, PWY3O.4107..NAD.salvage.pathway.V..PNC.V.cycle., PWY66.367..ketogenesis, PWY66.391..fatty.acid..beta..oxidation.VI..mammalian.peroxisome., PWY66.398..TCA.cycle.III..animals., PWY66.430..myristate.biosynthesis..mitochondria., PYRIDNUCSAL.PWY..NAD.salvage.pathway.I, PYRIDNUCSAL.PWY..NAD.salvage.pathway.I..PNC.VI.cycle., REDCITCYC..TCA.cycle.VI..Helicobacter., RUMP.PWY..formaldehyde.oxidation.I, TCA.GLYOX.BYPASS..superpathway.of.glyoxylate.bypass.and.TCA, UDPNACETYLGALSYN.PWY..UDP.N.acetyl.D.glucosamine.biosynthesis.II
2026-02-16 12:47:08.556692 INFO::Total filtered features with variance filtering: 0
2026-02-16 12:47:08.557147 INFO::Filtered feature names from variance filtering:
2026-02-16 12:47:08.557506 INFO::Running selected normalization method: NONE
2026-02-16 12:47:08.557874 INFO::Applying z-score to standardize continuous metadata
2026-02-16 12:47:08.565201 INFO::Running selected transform method: LOG
2026-02-16 12:47:08.568685 INFO::Running selected analysis method: LM
2026-02-16 12:47:08.574958 INFO::Fitting model to feature number 1, X1CMET2.PWY..N10.formyl.tetrahydrofolate.biosynthesis
2026-02-16 12:47:08.581847 INFO::Fitting model to feature number 2, X1CMET2.PWY..folate.transformations.III..E..coli.
2026-02-16 12:47:08.583356 INFO::Fitting model to feature number 3, ANAEROFRUCAT.PWY..homolactic.fermentation
2026-02-16 12:47:08.584745 INFO::Fitting model to feature number 4, ANAGLYCOLYSIS.PWY..glycolysis.III..from.glucose.
2026-02-16 12:47:08.586086 INFO::Fitting model to feature number 5, ARG.POLYAMINE.SYN..superpathway.of.arginine.and.polyamine.biosynthesis
2026-02-16 12:47:08.587426 INFO::Fitting model to feature number 6, ARGININE.SYN4.PWY..L.ornithine.de.novo..biosynthesis
2026-02-16 12:47:08.588759 INFO::Fitting model to feature number 7, ARGORNPROST.PWY..arginine..ornithine.and.proline.interconversion
2026-02-16 12:47:08.590117 INFO::Fitting model to feature number 8, ARGSYN.PWY..L.arginine.biosynthesis.I..via.L.ornithine.
2026-02-16 12:47:08.591466 INFO::Fitting model to feature number 9, ARGSYNBSUB.PWY..L.arginine.biosynthesis.II..acetyl.cycle.
2026-02-16 12:47:08.592795 INFO::Fitting model to feature number 10, ARO.PWY..chorismate.biosynthesis.I
2026-02-16 12:47:08.594119 INFO::Fitting model to feature number 11, ASPASN.PWY..superpathway.of.L.aspartate.and.L.asparagine.biosynthesis
2026-02-16 12:47:08.595449 INFO::Fitting model to feature number 12, BIOTIN.BIOSYNTHESIS.PWY..biotin.biosynthesis.I
2026-02-16 12:47:08.596798 INFO::Fitting model to feature number 13, BRANCHED.CHAIN.AA.SYN.PWY..superpathway.of.branched.amino.acid.biosynthesis
2026-02-16 12:47:08.598112 INFO::Fitting model to feature number 14, BRANCHED.CHAIN.AA.SYN.PWY..superpathway.of.branched.chain.amino.acid.biosynthesis
2026-02-16 12:47:08.599432 INFO::Fitting model to feature number 15, CALVIN.PWY..Calvin.Benson.Bassham.cycle
2026-02-16 12:47:08.600739 INFO::Fitting model to feature number 16, CENTFERM.PWY..pyruvate.fermentation.to.butanoate
2026-02-16 12:47:08.602078 INFO::Fitting model to feature number 17, CITRULBIO.PWY..L.citrulline.biosynthesis
2026-02-16 12:47:08.60347 INFO::Fitting model to feature number 18, COA.PWY.1..coenzyme.A.biosynthesis.II..mammalian.
2026-02-16 12:47:08.604798 INFO::Fitting model to feature number 19, COA.PWY.1..superpathway.of.coenzyme.A.biosynthesis.III..mammals.
2026-02-16 12:47:08.606126 INFO::Fitting model to feature number 20, COA.PWY..coenzyme.A.biosynthesis.I
2026-02-16 12:47:08.607465 INFO::Fitting model to feature number 21, COA.PWY..coenzyme.A.biosynthesis.I..prokaryotic.
2026-02-16 12:47:08.608787 INFO::Fitting model to feature number 22, COBALSYN.PWY..adenosylcobalamin.salvage.from.cobinamide.I
2026-02-16 12:47:08.610114 INFO::Fitting model to feature number 23, COLANSYN.PWY..colanic.acid.building.blocks.biosynthesis
2026-02-16 12:47:08.611447 INFO::Fitting model to feature number 24, COMPLETE.ARO.PWY..superpathway.of.aromatic.amino.acid.biosynthesis
2026-02-16 12:47:08.612778 INFO::Fitting model to feature number 25, DAPLYSINESYN.PWY..L.lysine.biosynthesis.I
2026-02-16 12:47:08.614106 INFO::Fitting model to feature number 26, DENOVOPURINE2.PWY..superpathway.of.purine.nucleotides.de.novo.biosynthesis.II
2026-02-16 12:47:08.615508 INFO::Fitting model to feature number 27, DTDPRHAMSYN.PWY..dTDP..beta..L.rhamnose.biosynthesis
2026-02-16 12:47:08.616836 INFO::Fitting model to feature number 28, DTDPRHAMSYN.PWY..dTDP.L.rhamnose.biosynthesis.I
2026-02-16 12:47:08.618177 INFO::Fitting model to feature number 29, FAO.PWY..fatty.acid..beta..oxidation.I
2026-02-16 12:47:08.619505 INFO::Fitting model to feature number 30, FASYN.ELONG.PWY..fatty.acid.elongation....saturated
2026-02-16 12:47:08.620826 INFO::Fitting model to feature number 31, FASYN.INITIAL.PWY..superpathway.of.fatty.acid.biosynthesis.initiation..E..coli.
2026-02-16 12:47:08.622162 INFO::Fitting model to feature number 32, FERMENTATION.PWY..mixed.acid.fermentation
2026-02-16 12:47:08.623495 INFO::Fitting model to feature number 33, FUC.RHAMCAT.PWY..superpathway.of.fucose.and.rhamnose.degradation
2026-02-16 12:47:08.62482 INFO::Fitting model to feature number 34, FUCCAT.PWY..fucose.degradation
2026-02-16 12:47:08.626215 INFO::Fitting model to feature number 35, GALACT.GLUCUROCAT.PWY..superpathway.of.hexuronide.and.hexuronate.degradation
2026-02-16 12:47:08.627548 INFO::Fitting model to feature number 36, GALACTARDEG.PWY..D.galactarate.degradation.I
2026-02-16 12:47:08.628888 INFO::Fitting model to feature number 37, GALACTUROCAT.PWY..D.galacturonate.degradation.I
2026-02-16 12:47:08.630225 INFO::Fitting model to feature number 38, GLCMANNANAUT.PWY..superpathway.of.N.acetylglucosamine..N.acetylmannosamine.and.N.acetylneuraminate.degradation
2026-02-16 12:47:08.631551 INFO::Fitting model to feature number 39, GLUCARDEG.PWY..D.glucarate.degradation.I
2026-02-16 12:47:08.632859 INFO::Fitting model to feature number 40, GLUCARGALACTSUPER.PWY..superpathway.of.D.glucarate.and.D.galactarate.degradation
2026-02-16 12:47:08.634188 INFO::Fitting model to feature number 41, GLUCONEO.PWY..gluconeogenesis.I
2026-02-16 12:47:08.635496 INFO::Fitting model to feature number 42, GLUCOSE1PMETAB.PWY..glucose.and.glucose.1.phosphate.degradation
2026-02-16 12:47:08.636813 INFO::Fitting model to feature number 43, GLUCUROCAT.PWY..superpathway.of..beta..D.glucuronide.and.D.glucuronate.degradation
2026-02-16 12:47:08.638196 INFO::Fitting model to feature number 44, GLUCUROCAT.PWY..superpathway.of..beta..D.glucuronosides.degradation
2026-02-16 12:47:08.639508 INFO::Fitting model to feature number 45, GLUDEG.I.PWY..GABA.shunt
2026-02-16 12:47:08.640812 INFO::Fitting model to feature number 46, GLUTORN.PWY..L.ornithine.biosynthesis
2026-02-16 12:47:08.642118 INFO::Fitting model to feature number 47, GLUTORN.PWY..L.ornithine.biosynthesis.I
2026-02-16 12:47:08.643451 INFO::Fitting model to feature number 48, GLYCOCAT.PWY..glycogen.degradation.I..bacterial.
2026-02-16 12:47:08.64476 INFO::Fitting model to feature number 49, GLYCOGENSYNTH.PWY..glycogen.biosynthesis.I..from.ADP.D.Glucose.
2026-02-16 12:47:08.646064 INFO::Fitting model to feature number 50, GLYCOLYSIS.E.D..superpathway.of.glycolysis.and.Entner.Doudoroff
2026-02-16 12:47:08.64738 INFO::Fitting model to feature number 51, GLYCOLYSIS..glycolysis.I..from.glucose.6.phosphate.
2026-02-16 12:47:08.648688 INFO::Fitting model to feature number 52, GLYOXYLATE.BYPASS..glyoxylate.cycle
2026-02-16 12:47:08.650042 INFO::Fitting model to feature number 53, GOLPDLCAT.PWY..superpathway.of.glycerol.degradation.to.1.3.propanediol
2026-02-16 12:47:08.651361 INFO::Fitting model to feature number 54, HEME.BIOSYNTHESIS.II..heme.biosynthesis.I..aerobic.
2026-02-16 12:47:08.652684 INFO::Fitting model to feature number 55, HEMESYN2.PWY..heme.biosynthesis.II..anaerobic.
2026-02-16 12:47:08.653985 INFO::Fitting model to feature number 56, HEXITOLDEGSUPER.PWY..superpathway.of.hexitol.degradation..bacteria.
2026-02-16 12:47:08.655304 INFO::Fitting model to feature number 57, HISDEG.PWY..L.histidine.degradation.I
2026-02-16 12:47:08.656633 INFO::Fitting model to feature number 58, HISTSYN.PWY..L.histidine.biosynthesis
2026-02-16 12:47:08.657934 INFO::Fitting model to feature number 59, HOMOSER.METSYN.PWY..L.methionine.biosynthesis.I
2026-02-16 12:47:08.659252 INFO::Fitting model to feature number 60, HSERMETANA.PWY..L.methionine.biosynthesis.III
2026-02-16 12:47:08.660641 INFO::Fitting model to feature number 61, ILEUSYN.PWY..L.isoleucine.biosynthesis.I..from.threonine.
2026-02-16 12:47:08.661955 INFO::Fitting model to feature number 62, KETOGLUCONMET.PWY..ketogluconate.metabolism
2026-02-16 12:47:08.663273 INFO::Fitting model to feature number 63, LACTOSECAT.PWY..lactose.and.galactose.degradation.I
2026-02-16 12:47:08.664574 INFO::Fitting model to feature number 64, MET.SAM.PWY..superpathway.of.S.adenosyl.L.methionine.biosynthesis
2026-02-16 12:47:08.665888 INFO::Fitting model to feature number 65, METH.ACETATE.PWY..methanogenesis.from.acetate
2026-02-16 12:47:08.667209 INFO::Fitting model to feature number 66, METSYN.PWY..L.homoserine.and.L.methionine.biosynthesis
2026-02-16 12:47:08.668523 INFO::Fitting model to feature number 67, NAGLIPASYN.PWY..lipid.IVA.biosynthesis
2026-02-16 12:47:08.669835 INFO::Fitting model to feature number 68, NONMEVIPP.PWY..methylerythritol.phosphate.pathway.I
2026-02-16 12:47:08.671163 INFO::Fitting model to feature number 69, NONOXIPENT.PWY..pentose.phosphate.pathway..non.oxidative.branch.
2026-02-16 12:47:08.67254 INFO::Fitting model to feature number 70, NONOXIPENT.PWY..pentose.phosphate.pathway..non.oxidative.branch..I
2026-02-16 12:47:08.673864 INFO::Fitting model to feature number 71, OANTIGEN.PWY..O.antigen.building.blocks.biosynthesis..E..coli.
2026-02-16 12:47:08.675192 INFO::Fitting model to feature number 72, P108.PWY..pyruvate.fermentation.to.propanoate.I
2026-02-16 12:47:08.676497 INFO::Fitting model to feature number 73, P161.PWY..acetylene.degradation
2026-02-16 12:47:08.677814 INFO::Fitting model to feature number 74, P161.PWY..acetylene.degradation..anaerobic.
2026-02-16 12:47:08.679144 INFO::Fitting model to feature number 75, P162.PWY..L.glutamate.degradation.V..via.hydroxyglutarate.
2026-02-16 12:47:08.680465 INFO::Fitting model to feature number 76, P164.PWY..purine.nucleobases.degradation.I..anaerobic.
2026-02-16 12:47:08.681785 INFO::Fitting model to feature number 77, P4.PWY..superpathway.of.L.lysine..L.threonine.and.L.methionine.biosynthesis.I
2026-02-16 12:47:08.683105 INFO::Fitting model to feature number 78, P41.PWY..pyruvate.fermentation.to.acetate.and..S..lactate.I
2026-02-16 12:47:08.684504 INFO::Fitting model to feature number 79, P42.PWY..incomplete.reductive.TCA.cycle
2026-02-16 12:47:08.685813 INFO::Fitting model to feature number 80, P441.PWY..superpathway.of.N.acetylneuraminate.degradation
2026-02-16 12:47:08.687116 INFO::Fitting model to feature number 81, P461.PWY..hexitol.fermentation.to.lactate..formate..ethanol.and.acetate
2026-02-16 12:47:08.688436 INFO::Fitting model to feature number 82, P562.PWY..myo.inositol.degradation.I
2026-02-16 12:47:08.689768 INFO::Fitting model to feature number 83, PANTO.PWY..phosphopantothenate.biosynthesis.I
2026-02-16 12:47:08.69109 INFO::Fitting model to feature number 84, PANTOSYN.PWY..pantothenate.and.coenzyme.A.biosynthesis.I
2026-02-16 12:47:08.692416 INFO::Fitting model to feature number 85, PANTOSYN.PWY..superpathway.of.coenzyme.A.biosynthesis.I..bacteria.
2026-02-16 12:47:08.693758 INFO::Fitting model to feature number 86, PENTOSE.P.PWY..pentose.phosphate.pathway
2026-02-16 12:47:08.695129 INFO::Fitting model to feature number 87, PEPTIDOGLYCANSYN.PWY..peptidoglycan.biosynthesis.I..meso.diaminopimelate.containing.
2026-02-16 12:47:08.696454 INFO::Fitting model to feature number 88, PHOSLIPSYN.PWY..superpathway.of.phospholipid.biosynthesis.I..bacteria.
2026-02-16 12:47:08.697763 INFO::Fitting model to feature number 89, POLYAMINSYN3.PWY..superpathway.of.polyamine.biosynthesis.II
2026-02-16 12:47:08.699065 INFO::Fitting model to feature number 90, POLYAMSYN.PWY..superpathway.of.polyamine.biosynthesis.I
2026-02-16 12:47:08.700392 INFO::Fitting model to feature number 91, POLYISOPRENSYN.PWY..polyisoprenoid.biosynthesis..E..coli.
2026-02-16 12:47:08.701708 INFO::Fitting model to feature number 92, PPGPPMET.PWY..ppGpp.biosynthesis
2026-02-16 12:47:08.703025 INFO::Fitting model to feature number 93, PWY.1042..glycolysis.IV
2026-02-16 12:47:08.704358 INFO::Fitting model to feature number 94, PWY.1042..glycolysis.IV..plant.cytosol.
2026-02-16 12:47:08.705672 INFO::Fitting model to feature number 95, PWY.1269..CMP.3.deoxy.D.manno.octulosonate.biosynthesis.I
2026-02-16 12:47:08.707067 INFO::Fitting model to feature number 96, PWY.1861..formaldehyde.assimilation.II..RuMP.Cycle.
2026-02-16 12:47:08.708378 INFO::Fitting model to feature number 97, PWY.241..C4.photosynthetic.carbon.assimilation.cycle..NADP.ME.type
2026-02-16 12:47:08.709686 INFO::Fitting model to feature number 98, PWY.2723..trehalose.degradation.V
2026-02-16 12:47:08.710996 INFO::Fitting model to feature number 99, PWY.2941..L.lysine.biosynthesis.II
2026-02-16 12:47:08.712323 INFO::Fitting model to feature number 100, PWY.2942..L.lysine.biosynthesis.III
2026-02-16 12:47:08.713625 INFO::Fitting model to feature number 101, PWY.3001..superpathway.of.L.isoleucine.biosynthesis.I
2026-02-16 12:47:08.714946 INFO::Fitting model to feature number 102, PWY.3841..folate.transformations.II
2026-02-16 12:47:08.716292 INFO::Fitting model to feature number 103, PWY.3841..folate.transformations.II..plants.
2026-02-16 12:47:08.717666 INFO::Fitting model to feature number 104, PWY.4041...gamma..glutamyl.cycle
2026-02-16 12:47:08.718988 INFO::Fitting model to feature number 105, PWY.4242..pantothenate.and.coenzyme.A.biosynthesis.III
2026-02-16 12:47:08.720302 INFO::Fitting model to feature number 106, PWY.4981..L.proline.biosynthesis.II..from.arginine.
2026-02-16 12:47:08.721616 INFO::Fitting model to feature number 107, PWY.4984..urea.cycle
2026-02-16 12:47:08.722935 INFO::Fitting model to feature number 108, PWY.5005..biotin.biosynthesis.II
2026-02-16 12:47:08.724278 INFO::Fitting model to feature number 109, PWY.5022..4.aminobutanoate.degradation.V
2026-02-16 12:47:08.725606 INFO::Fitting model to feature number 110, PWY.5030..L.histidine.degradation.III
2026-02-16 12:47:08.726919 INFO::Fitting model to feature number 111, PWY.5083..NAD.NADH.phosphorylation.and.dephosphorylation
2026-02-16 12:47:08.72824 INFO::Fitting model to feature number 112, PWY.5097..L.lysine.biosynthesis.VI
2026-02-16 12:47:08.729608 INFO::Fitting model to feature number 113, PWY.5100..pyruvate.fermentation.to.acetate.and.lactate.II
2026-02-16 12:47:08.730946 INFO::Fitting model to feature number 114, PWY.5103..L.isoleucine.biosynthesis.III
2026-02-16 12:47:08.732261 INFO::Fitting model to feature number 115, PWY.5104..L.isoleucine.biosynthesis.IV
2026-02-16 12:47:08.733568 INFO::Fitting model to feature number 116, PWY.5121..superpathway.of.geranylgeranyl.diphosphate.biosynthesis.II..via.MEP.
2026-02-16 12:47:08.734878 INFO::Fitting model to feature number 117, PWY.5136..fatty.acid..beta..oxidation.II..peroxisome.
2026-02-16 12:47:08.7362 INFO::Fitting model to feature number 118, PWY.5154..L.arginine.biosynthesis.III..via.N.acetyl.L.citrulline.
2026-02-16 12:47:08.737516 INFO::Fitting model to feature number 119, PWY.5177..glutaryl.CoA.degradation
2026-02-16 12:47:08.73883 INFO::Fitting model to feature number 120, PWY.5188..tetrapyrrole.biosynthesis.I..from.glutamate.
2026-02-16 12:47:08.740155 INFO::Fitting model to feature number 121, PWY.5189..tetrapyrrole.biosynthesis.II..from.glycine.
2026-02-16 12:47:08.741535 INFO::Fitting model to feature number 122, PWY.5265..peptidoglycan.biosynthesis.II..staphylococci.
2026-02-16 12:47:08.742844 INFO::Fitting model to feature number 123, PWY.5345..superpathway.of.L.methionine.biosynthesis..by.sulfhydrylation.
2026-02-16 12:47:08.744194 INFO::Fitting model to feature number 124, PWY.5347..superpathway.of.L.methionine.biosynthesis..transsulfuration.
2026-02-16 12:47:08.745511 INFO::Fitting model to feature number 125, PWY.5367..petroselinate.biosynthesis
2026-02-16 12:47:08.746832 INFO::Fitting model to feature number 126, PWY.5384..sucrose.degradation.IV..sucrose.phosphorylase.
2026-02-16 12:47:08.74816 INFO::Fitting model to feature number 127, PWY.5484..glycolysis.II..from.fructose.6.phosphate.
2026-02-16 12:47:08.749469 INFO::Fitting model to feature number 128, PWY.5505..L.glutamate.and.L.glutamine.biosynthesis
2026-02-16 12:47:08.750779 INFO::Fitting model to feature number 129, PWY.5659..GDP.mannose.biosynthesis
2026-02-16 12:47:08.752185 INFO::Fitting model to feature number 130, PWY.5667..CDP.diacylglycerol.biosynthesis.I
2026-02-16 12:47:08.753499 INFO::Fitting model to feature number 131, PWY.5675..nitrate.reduction.V..assimilatory.
2026-02-16 12:47:08.754822 INFO::Fitting model to feature number 132, PWY.5676..acetyl.CoA.fermentation.to.butanoate.II
2026-02-16 12:47:08.756144 INFO::Fitting model to feature number 133, PWY.5686..UMP.biosynthesis
2026-02-16 12:47:08.757451 INFO::Fitting model to feature number 134, PWY.5686..UMP.biosynthesis.I
2026-02-16 12:47:08.758775 INFO::Fitting model to feature number 135, PWY.5690..TCA.cycle.II..plants.and.fungi.
2026-02-16 12:47:08.760093 INFO::Fitting model to feature number 136, PWY.5695..inosine.5..phosphate.degradation
2026-02-16 12:47:08.761416 INFO::Fitting model to feature number 137, PWY.5695..urate.biosynthesis.inosine.5..phosphate.degradation
2026-02-16 12:47:08.762728 INFO::Fitting model to feature number 138, PWY.5723..Rubisco.shunt
2026-02-16 12:47:08.764095 INFO::Fitting model to feature number 139, PWY.5910..superpathway.of.geranylgeranyldiphosphate.biosynthesis.I..via.mevalonate.
2026-02-16 12:47:08.765425 INFO::Fitting model to feature number 140, PWY.5913..TCA.cycle.VI..obligate.autotrophs.
2026-02-16 12:47:08.766739 INFO::Fitting model to feature number 141, PWY.5913..partial.TCA.cycle..obligate.autotrophs.
2026-02-16 12:47:08.76805 INFO::Fitting model to feature number 142, PWY.5918..superpathay.of.heme.biosynthesis.from.glutamate
2026-02-16 12:47:08.769385 INFO::Fitting model to feature number 143, PWY.5941..glycogen.degradation.II
2026-02-16 12:47:08.770704 INFO::Fitting model to feature number 144, PWY.5941..glycogen.degradation.II..eukaryotic.
2026-02-16 12:47:08.772019 INFO::Fitting model to feature number 145, PWY.5971..palmitate.biosynthesis..type.II.fatty.acid.synthase.
2026-02-16 12:47:08.77334 INFO::Fitting model to feature number 146, PWY.5973..cis.vaccenate.biosynthesis
2026-02-16 12:47:08.774646 INFO::Fitting model to feature number 147, PWY.5981..CDP.diacylglycerol.biosynthesis.III
2026-02-16 12:47:08.776035 INFO::Fitting model to feature number 148, PWY.5989..stearate.biosynthesis.II..bacteria.and.plants.
2026-02-16 12:47:08.777351 INFO::Fitting model to feature number 149, PWY.6121..5.aminoimidazole.ribonucleotide.biosynthesis.I
2026-02-16 12:47:08.778672 INFO::Fitting model to feature number 150, PWY.6122..5.aminoimidazole.ribonucleotide.biosynthesis.II
2026-02-16 12:47:08.779999 INFO::Fitting model to feature number 151, PWY.6123..inosine.5..phosphate.biosynthesis.I
2026-02-16 12:47:08.78133 INFO::Fitting model to feature number 152, PWY.6124..inosine.5..phosphate.biosynthesis.II
2026-02-16 12:47:08.782648 INFO::Fitting model to feature number 153, PWY.6125..superpathway.of.guanosine.nucleotides.de.novo.biosynthesis.II
2026-02-16 12:47:08.783989 INFO::Fitting model to feature number 154, PWY.6126..superpathway.of.adenosine.nucleotides.de.novo.biosynthesis.II
2026-02-16 12:47:08.785311 INFO::Fitting model to feature number 155, PWY.6143..CMP.pseudaminate.biosynthesis
2026-02-16 12:47:08.786681 INFO::Fitting model to feature number 156, PWY.6147..6.hydroxymethyl.dihydropterin.diphosphate.biosynthesis.I
2026-02-16 12:47:08.788003 INFO::Fitting model to feature number 157, PWY.6151..S.adenosyl.L.methionine.cycle.I
2026-02-16 12:47:08.789338 INFO::Fitting model to feature number 158, PWY.6151..S.adenosyl.L.methionine.salvage.I
2026-02-16 12:47:08.79066 INFO::Fitting model to feature number 159, PWY.6163..chorismate.biosynthesis.from.3.dehydroquinate
2026-02-16 12:47:08.791981 INFO::Fitting model to feature number 160, PWY.6168..flavin.biosynthesis.III..fungi.
2026-02-16 12:47:08.793321 INFO::Fitting model to feature number 161, PWY.621..sucrose.degradation.III..sucrose.invertase.
2026-02-16 12:47:08.794636 INFO::Fitting model to feature number 162, PWY.6270..isoprene.biosynthesis.I
2026-02-16 12:47:08.795945 INFO::Fitting model to feature number 163, PWY.6277..superpathway.of.5.aminoimidazole.ribonucleotide.biosynthesis
2026-02-16 12:47:08.797268 INFO::Fitting model to feature number 164, PWY.6282..palmitoleate.biosynthesis.I..from..5Z..dodec.5.enoate.
2026-02-16 12:47:08.798649 INFO::Fitting model to feature number 165, PWY.6284..superpathway.of.unsaturated.fatty.acids.biosynthesis..E..coli.
2026-02-16 12:47:08.799973 INFO::Fitting model to feature number 166, PWY.6285..superpathway.of.fatty.acids.biosynthesis..E..coli.
2026-02-16 12:47:08.801298 INFO::Fitting model to feature number 167, PWY.6292..superpathway.of.L.cysteine.biosynthesis..mammalian.
2026-02-16 12:47:08.802634 INFO::Fitting model to feature number 168, PWY.6305..putrescine.biosynthesis.IV
2026-02-16 12:47:08.803945 INFO::Fitting model to feature number 169, PWY.6305..superpathway.of.putrescine.biosynthesis
2026-02-16 12:47:08.805277 INFO::Fitting model to feature number 170, PWY.6317..D.galactose.degradation.I..Leloir.pathway.
2026-02-16 12:47:08.806582 INFO::Fitting model to feature number 171, PWY.6317..galactose.degradation.I..Leloir.pathway.
2026-02-16 12:47:08.807909 INFO::Fitting model to feature number 172, PWY.6353..purine.nucleotides.degradation.II..aerobic.
2026-02-16 12:47:08.809296 INFO::Fitting model to feature number 173, PWY.6385..peptidoglycan.biosynthesis.III..mycobacteria.
2026-02-16 12:47:08.81061 INFO::Fitting model to feature number 174, PWY.6386..UDP.N.acetylmuramoyl.pentapeptide.biosynthesis.II..lysine.containing.
2026-02-16 12:47:08.81192 INFO::Fitting model to feature number 175, PWY.6387..UDP.N.acetylmuramoyl.pentapeptide.biosynthesis.I..meso.diaminopimelate.containing.
2026-02-16 12:47:08.813259 INFO::Fitting model to feature number 176, PWY.6470..peptidoglycan.biosynthesis.V...beta..lactam.resistance.
2026-02-16 12:47:08.814562 INFO::Fitting model to feature number 177, PWY.6507..4.deoxy.L.threo.hex.4.enopyranuronate.degradation
2026-02-16 12:47:08.815869 INFO::Fitting model to feature number 178, PWY.6519..8.amino.7.oxononanoate.biosynthesis.I
2026-02-16 12:47:08.817184 INFO::Fitting model to feature number 179, PWY.6527..stachyose.degradation
2026-02-16 12:47:08.818491 INFO::Fitting model to feature number 180, PWY.6545..pyrimidine.deoxyribonucleotides.de.novo.biosynthesis.III
2026-02-16 12:47:08.819819 INFO::Fitting model to feature number 181, PWY.6549..L.glutamine.biosynthesis.III
2026-02-16 12:47:08.821213 INFO::Fitting model to feature number 182, PWY.6588..pyruvate.fermentation.to.acetone
2026-02-16 12:47:08.822525 INFO::Fitting model to feature number 183, PWY.6590..superpathway.of.Clostridium.acetobutylicum.acidogenic.fermentation
2026-02-16 12:47:08.823847 INFO::Fitting model to feature number 184, PWY.6595..superpathway.of.guanosine.nucleotides.degradation..plants.
2026-02-16 12:47:08.825179 INFO::Fitting model to feature number 185, PWY.6606..guanosine.nucleotides.degradation.II
2026-02-16 12:47:08.826489 INFO::Fitting model to feature number 186, PWY.6607..guanosine.nucleotides.degradation.I
2026-02-16 12:47:08.827805 INFO::Fitting model to feature number 187, PWY.6608..guanosine.nucleotides.degradation.III
2026-02-16 12:47:08.829119 INFO::Fitting model to feature number 188, PWY.6609..adenine.and.adenosine.salvage.III
2026-02-16 12:47:08.830464 INFO::Fitting model to feature number 189, PWY.6628..superpathway.of.L.phenylalanine.biosynthesis
2026-02-16 12:47:08.831776 INFO::Fitting model to feature number 190, PWY.6629..superpathway.of.L.tryptophan.biosynthesis
2026-02-16 12:47:08.833162 INFO::Fitting model to feature number 191, PWY.6630..superpathway.of.L.tyrosine.biosynthesis
2026-02-16 12:47:08.834485 INFO::Fitting model to feature number 192, PWY.6700..queuosine.biosynthesis
2026-02-16 12:47:08.835809 INFO::Fitting model to feature number 193, PWY.6700..queuosine.biosynthesis.I..de.novo.
2026-02-16 12:47:08.83712 INFO::Fitting model to feature number 194, PWY.6703..preQ0.biosynthesis
2026-02-16 12:47:08.838452 INFO::Fitting model to feature number 195, PWY.6731..starch.degradation.III
2026-02-16 12:47:08.839762 INFO::Fitting model to feature number 196, PWY.6737..starch.degradation.V
2026-02-16 12:47:08.841077 INFO::Fitting model to feature number 197, PWY.6749..CMP.legionaminate.biosynthesis.I
2026-02-16 12:47:08.842419 INFO::Fitting model to feature number 198, PWY.6823..molybdopterin.biosynthesis
2026-02-16 12:47:08.843794 INFO::Fitting model to feature number 199, PWY.6859..all.trans.farnesol.biosynthesis
2026-02-16 12:47:08.845116 INFO::Fitting model to feature number 200, PWY.6891..thiazole.biosynthesis.II..Bacillus.
2026-02-16 12:47:08.846434 INFO::Fitting model to feature number 201, PWY.6892..thiazole.biosynthesis.I..E..coli.
2026-02-16 12:47:08.847743 INFO::Fitting model to feature number 202, PWY.6895..superpathway.of.thiamin.diphosphate.biosynthesis.II
2026-02-16 12:47:08.849061 INFO::Fitting model to feature number 203, PWY.6897..thiamin.salvage.II
2026-02-16 12:47:08.85038 INFO::Fitting model to feature number 204, PWY.6897..thiamine.diphosphate.salvage.II
2026-02-16 12:47:08.851682 INFO::Fitting model to feature number 205, PWY.6901..superpathway.of.glucose.and.xylose.degradation
2026-02-16 12:47:08.853017 INFO::Fitting model to feature number 206, PWY.6902..chitin.degradation.II..Vibrio.
2026-02-16 12:47:08.854346 INFO::Fitting model to feature number 207, PWY.6936..seleno.amino.acid.biosynthesis
2026-02-16 12:47:08.855707 INFO::Fitting model to feature number 208, PWY.6936..seleno.amino.acid.biosynthesis..plants.
2026-02-16 12:47:08.857019 INFO::Fitting model to feature number 209, PWY.6969..TCA.cycle.V..2.oxoglutarate.synthase.
2026-02-16 12:47:08.858352 INFO::Fitting model to feature number 210, PWY.702..L.methionine.biosynthesis.II
2026-02-16 12:47:08.859662 INFO::Fitting model to feature number 211, PWY.7111..pyruvate.fermentation.to.isobutanol..engineered.
2026-02-16 12:47:08.860997 INFO::Fitting model to feature number 212, PWY.7117..C4.photosynthetic.carbon.assimilation.cycle..PEPCK.type
2026-02-16 12:47:08.862323 INFO::Fitting model to feature number 213, PWY.7184..pyrimidine.deoxyribonucleotides.de.novo.biosynthesis.I
2026-02-16 12:47:08.86363 INFO::Fitting model to feature number 214, PWY.7187..pyrimidine.deoxyribonucleotides.de.novo.biosynthesis.II
2026-02-16 12:47:08.86495 INFO::Fitting model to feature number 215, PWY.7197..pyrimidine.deoxyribonucleotide.phosphorylation
2026-02-16 12:47:08.866276 INFO::Fitting model to feature number 216, PWY.7198..pyrimidine.deoxyribonucleotides.de.novo.biosynthesis.IV
2026-02-16 12:47:08.867646 INFO::Fitting model to feature number 217, PWY.7199..pyrimidine.deoxyribonucleosides.salvage
2026-02-16 12:47:08.868962 INFO::Fitting model to feature number 218, PWY.7208..superpathway.of.pyrimidine.nucleobases.salvage
2026-02-16 12:47:08.870286 INFO::Fitting model to feature number 219, PWY.7219..adenosine.ribonucleotides.de.novo.biosynthesis
2026-02-16 12:47:08.871602 INFO::Fitting model to feature number 220, PWY.7220..adenosine.deoxyribonucleotides.de.novo.biosynthesis.II
2026-02-16 12:47:08.872916 INFO::Fitting model to feature number 221, PWY.7221..guanosine.ribonucleotides.de.novo.biosynthesis
2026-02-16 12:47:08.874232 INFO::Fitting model to feature number 222, PWY.7222..guanosine.deoxyribonucleotides.de.novo.biosynthesis.II
2026-02-16 12:47:08.875544 INFO::Fitting model to feature number 223, PWY.7228..superpathway.of.guanosine.nucleotides.de.novo.biosynthesis.I
2026-02-16 12:47:08.876852 INFO::Fitting model to feature number 224, PWY.7229..superpathway.of.adenosine.nucleotides.de.novo.biosynthesis.I
2026-02-16 12:47:08.878239 INFO::Fitting model to feature number 225, PWY.7234..inosine.5..phosphate.biosynthesis.III
2026-02-16 12:47:08.879555 INFO::Fitting model to feature number 226, PWY.7237..myo...chiro..and.scillo.inositol.degradation
2026-02-16 12:47:08.880877 INFO::Fitting model to feature number 227, PWY.7237..myo...chiro..and.scyllo.inositol.degradation
2026-02-16 12:47:08.882197 INFO::Fitting model to feature number 228, PWY.7238..sucrose.biosynthesis.II
2026-02-16 12:47:08.883507 INFO::Fitting model to feature number 229, PWY.7242..D.fructuronate.degradation
2026-02-16 12:47:08.884814 INFO::Fitting model to feature number 230, PWY.724..superpathway.of.L.lysine..L.threonine.and.L.methionine.biosynthesis.II
2026-02-16 12:47:08.886155 INFO::Fitting model to feature number 231, PWY.7282..4.amino.2.methyl.5.diphosphomethylpyrimidine.biosynthesis.II
2026-02-16 12:47:08.887481 INFO::Fitting model to feature number 232, PWY.7282..4.amino.2.methyl.5.phosphomethylpyrimidine.biosynthesis..yeast.
2026-02-16 12:47:08.888788 INFO::Fitting model to feature number 233, PWY.7315..dTDP.N.acetylthomosamine.biosynthesis
2026-02-16 12:47:08.890186 INFO::Fitting model to feature number 234, PWY.7316..dTDP.N.acetylviosamine.biosynthesis
2026-02-16 12:47:08.891514 INFO::Fitting model to feature number 235, PWY.7323..superpathway.of.GDP.mannose.derived.O.antigen.building.blocks.biosynthesis
2026-02-16 12:47:08.892827 INFO::Fitting model to feature number 236, PWY.7328..superpathway.of.UDP.glucose.derived.O.antigen.building.blocks.biosynthesis
2026-02-16 12:47:08.894154 INFO::Fitting model to feature number 237, PWY.7356..thiamine.diphosphate.salvage.IV..yeast.
2026-02-16 12:47:08.895468 INFO::Fitting model to feature number 238, PWY.7357..thiamin.formation.from.pyrithiamine.and.oxythiamine..yeast.
2026-02-16 12:47:08.896776 INFO::Fitting model to feature number 239, PWY.7357..thiamine.phosphate.formation.from.pyrithiamine.and.oxythiamine..yeast.
2026-02-16 12:47:08.898096 INFO::Fitting model to feature number 240, PWY.7383..anaerobic.energy.metabolism..invertebrates..cytosol.
2026-02-16 12:47:08.899415 INFO::Fitting model to feature number 241, PWY.7388..octanoyl..acyl.carrier.protein..biosynthesis..mitochondria..yeast.
2026-02-16 12:47:08.900805 INFO::Fitting model to feature number 242, PWY.7391..isoprene.biosynthesis.II..engineered.
2026-02-16 12:47:08.902128 INFO::Fitting model to feature number 243, PWY.7400..L.arginine.biosynthesis.IV..archaebacteria.
2026-02-16 12:47:08.903448 INFO::Fitting model to feature number 244, PWY.7456..mannan.degradation
2026-02-16 12:47:08.904756 INFO::Fitting model to feature number 245, PWY.7539..6.hydroxymethyl.dihydropterin.diphosphate.biosynthesis.III..Chlamydia.
2026-02-16 12:47:08.906078 INFO::Fitting model to feature number 246, PWY.7560..methylerythritol.phosphate.pathway.II
2026-02-16 12:47:08.907415 INFO::Fitting model to feature number 247, PWY.7663..gondoate.biosynthesis..anaerobic.
2026-02-16 12:47:08.908736 INFO::Fitting model to feature number 248, PWY.7664..oleate.biosynthesis.IV..anaerobic.
2026-02-16 12:47:08.910047 INFO::Fitting model to feature number 249, PWY.7761..NAD.salvage.pathway.II..PNC.IV.cycle.
2026-02-16 12:47:08.911377 INFO::Fitting model to feature number 250, PWY.7790..UMP.biosynthesis.II
2026-02-16 12:47:08.912769 INFO::Fitting model to feature number 251, PWY.7791..UMP.biosynthesis.III
2026-02-16 12:47:08.914093 INFO::Fitting model to feature number 252, PWY.7851..coenzyme.A.biosynthesis.II..eukaryotic.
2026-02-16 12:47:08.915425 INFO::Fitting model to feature number 253, PWY.7858...5Z..dodecenoate.biosynthesis.II
2026-02-16 12:47:08.916744 INFO::Fitting model to feature number 254, PWY.7953..UDP.N.acetylmuramoyl.pentapeptide.biosynthesis.III..meso.diaminopimelate.containing.
2026-02-16 12:47:08.918072 INFO::Fitting model to feature number 255, PWY.7977..L.methionine.biosynthesis.IV
2026-02-16 12:47:08.919403 INFO::Fitting model to feature number 256, PWY.8004..Entner.Doudoroff.pathway.I
2026-02-16 12:47:08.920712 INFO::Fitting model to feature number 257, PWY.8178..pentose.phosphate.pathway..non.oxidative.branch..II
2026-02-16 12:47:08.92203 INFO::Fitting model to feature number 258, PWY.8187..L.arginine.degradation.XIII..reductive.Stickland.reaction.
2026-02-16 12:47:08.923365 INFO::Fitting model to feature number 259, PWY.821..superpathway.of.sulfur.amino.acid.biosynthesis..Saccharomyces.cerevisiae.
2026-02-16 12:47:08.924765 INFO::Fitting model to feature number 260, PWY.841..superpathway.of.purine.nucleotides.de.novo.biosynthesis.I
2026-02-16 12:47:08.926089 INFO::Fitting model to feature number 261, PWY.922..mevalonate.pathway.I..eukaryotes.and.bacteria.
2026-02-16 12:47:08.927419 INFO::Fitting model to feature number 262, PWY.I9..L.cysteine.biosynthesis.VI..from.L.methionine.
2026-02-16 12:47:08.928749 INFO::Fitting model to feature number 263, PWY0.1061..superpathway.of.L.alanine.biosynthesis
2026-02-16 12:47:08.930084 INFO::Fitting model to feature number 264, PWY0.1241..ADP.L.glycero..beta..D.manno.heptose.biosynthesis
2026-02-16 12:47:08.93143 INFO::Fitting model to feature number 265, PWY0.1261..anhydromuropeptides.recycling
2026-02-16 12:47:08.932785 INFO::Fitting model to feature number 266, PWY0.1296..purine.ribonucleosides.degradation
2026-02-16 12:47:08.934139 INFO::Fitting model to feature number 267, PWY0.1297..superpathway.of.purine.deoxyribonucleosides.degradation
2026-02-16 12:47:08.935622 INFO::Fitting model to feature number 268, PWY0.1298..superpathway.of.pyrimidine.deoxyribonucleosides.degradation
2026-02-16 12:47:08.937124 INFO::Fitting model to feature number 269, PWY0.1319..CDP.diacylglycerol.biosynthesis.II
2026-02-16 12:47:08.938624 INFO::Fitting model to feature number 270, PWY0.1477..ethanolamine.utilization
2026-02-16 12:47:08.939964 INFO::Fitting model to feature number 271, PWY0.1479..tRNA.processing
2026-02-16 12:47:08.941328 INFO::Fitting model to feature number 272, PWY0.1586..peptidoglycan.maturation..meso.diaminopimelate.containing.
2026-02-16 12:47:08.942684 INFO::Fitting model to feature number 273, PWY0.162..superpathway.of.pyrimidine.ribonucleotides.de.novo.biosynthesis
2026-02-16 12:47:08.944021 INFO::Fitting model to feature number 274, PWY0.166..superpathway.of.pyrimidine.deoxyribonucleotides.de.novo.biosynthesis..E..coli.
2026-02-16 12:47:08.945379 INFO::Fitting model to feature number 275, PWY0.301..L.ascorbate.degradation.I..bacterial..anaerobic.
2026-02-16 12:47:08.94671 INFO::Fitting model to feature number 276, PWY0.781..aspartate.superpathway
2026-02-16 12:47:08.948108 INFO::Fitting model to feature number 277, PWY0.845..superpathway.of.pyridoxal.5..phosphate.biosynthesis.and.salvage
2026-02-16 12:47:08.949456 INFO::Fitting model to feature number 278, PWY0.862...5Z..dodec.5.enoate.biosynthesis
2026-02-16 12:47:08.950781 INFO::Fitting model to feature number 279, PWY0.862...5Z..dodecenoate.biosynthesis.I
2026-02-16 12:47:08.952148 INFO::Fitting model to feature number 280, PWY1ZNC.1..assimilatory.sulfate.reduction.IV
2026-02-16 12:47:08.953483 INFO::Fitting model to feature number 281, PWY4FS.7..phosphatidylglycerol.biosynthesis.I..plastidic.
2026-02-16 12:47:08.954818 INFO::Fitting model to feature number 282, PWY4FS.8..phosphatidylglycerol.biosynthesis.II..non.plastidic.
2026-02-16 12:47:08.956184 INFO::Fitting model to feature number 283, PWY4LZ.257..superpathway.of.fermentation..Chlamydomonas.reinhardtii.
2026-02-16 12:47:08.957558 INFO::Fitting model to feature number 284, PWY66.389..phytol.degradation
2026-02-16 12:47:08.958888 INFO::Fitting model to feature number 285, PWY66.399..gluconeogenesis.III
2026-02-16 12:47:08.960298 INFO::Fitting model to feature number 286, PWY66.400..glycolysis.VI..metazoan.
2026-02-16 12:47:08.961635 INFO::Fitting model to feature number 287, PWY66.409..superpathway.of.purine.nucleotide.salvage
2026-02-16 12:47:08.962976 INFO::Fitting model to feature number 288, PWY66.422..D.galactose.degradation.V..Leloir.pathway.
2026-02-16 12:47:08.964319 INFO::Fitting model to feature number 289, PWY66.429..fatty.acid.biosynthesis.initiation..mitochondria.
2026-02-16 12:47:08.96564 INFO::Fitting model to feature number 290, PWYG.321..mycolate.biosynthesis
2026-02-16 12:47:08.966958 INFO::Fitting model to feature number 291, PYRIDNUCSYN.PWY..NAD.biosynthesis.I..from.aspartate.
2026-02-16 12:47:08.968302 INFO::Fitting model to feature number 292, PYRIDNUCSYN.PWY..NAD.de.novo.biosynthesis.I..from.aspartate.
2026-02-16 12:47:08.969656 INFO::Fitting model to feature number 293, PYRIDOXSYN.PWY..pyridoxal.5..phosphate.biosynthesis.I
2026-02-16 12:47:08.971048 INFO::Fitting model to feature number 294, RHAMCAT.PWY..L.rhamnose.degradation.I
2026-02-16 12:47:08.972382 INFO::Fitting model to feature number 295, RIBOSYN2.PWY..flavin.biosynthesis.I..bacteria.and.plants.
2026-02-16 12:47:08.973808 INFO::Fitting model to feature number 296, SALVADEHYPOX.PWY..adenosine.nucleotides.degradation.II
2026-02-16 12:47:08.975274 INFO::Fitting model to feature number 297, SER.GLYSYN.PWY..superpathway.of.L.serine.and.glycine.biosynthesis.I
2026-02-16 12:47:08.976588 INFO::Fitting model to feature number 298, SO4ASSIM.PWY..assimilatory.sulfate.reduction.I
2026-02-16 12:47:08.977911 INFO::Fitting model to feature number 299, SO4ASSIM.PWY..sulfate.reduction.I..assimilatory.
2026-02-16 12:47:08.979264 INFO::Fitting model to feature number 300, SULFATE.CYS.PWY..superpathway.of.sulfate.assimilation.and.cysteine.biosynthesis
2026-02-16 12:47:09.007746 INFO::Fitting model to feature number 301, TCA..TCA.cycle.I..prokaryotic.
2026-02-16 12:47:09.010199 INFO::Fitting model to feature number 302, TEICHOICACID.PWY..teichoic.acid..poly.glycerol..biosynthesis
2026-02-16 12:47:09.011324 INFO::Fitting model to feature number 303, THISYN.PWY..superpathway.of.thiamin.diphosphate.biosynthesis.I
2026-02-16 12:47:09.012404 INFO::Fitting model to feature number 304, THISYNARA.PWY..superpathway.of.thiamin.diphosphate.biosynthesis.III..eukaryotes.
2026-02-16 12:47:09.013511 INFO::Fitting model to feature number 305, THISYNARA.PWY..superpathway.of.thiamine.diphosphate.biosynthesis.III..eukaryotes.
2026-02-16 12:47:09.014586 INFO::Fitting model to feature number 306, THRESYN.PWY..superpathway.of.L.threonine.biosynthesis
2026-02-16 12:47:09.015694 INFO::Fitting model to feature number 307, TRNA.CHARGING.PWY..tRNA.charging
2026-02-16 12:47:09.01678 INFO::Fitting model to feature number 308, TRPSYN.PWY..L.tryptophan.biosynthesis
2026-02-16 12:47:09.017859 INFO::Fitting model to feature number 309, UDPNAGSYN.PWY..UDP.N.acetyl.D.glucosamine.biosynthesis.I
2026-02-16 12:47:09.018921 INFO::Fitting model to feature number 310, VALSYN.PWY..L.valine.biosynthesis
2026-02-16 12:47:09.037036 INFO::Counting total values for each feature
2026-02-16 12:47:09.042842 INFO::Writing filtered data to file MaAsLin2_DY_vs_DO/features/filtered_data.tsv
2026-02-16 12:47:09.047853 INFO::Writing filtered, normalized data to file MaAsLin2_DY_vs_DO/features/filtered_data_norm.tsv
2026-02-16 12:47:09.052587 INFO::Writing filtered, normalized, transformed data to file MaAsLin2_DY_vs_DO/features/filtered_data_norm_transformed.tsv
2026-02-16 12:47:09.058814 INFO::Writing residuals to file MaAsLin2_DY_vs_DO/fits/residuals.rds
2026-02-16 12:47:09.06127 INFO::Writing fitted values to file MaAsLin2_DY_vs_DO/fits/fitted.rds
2026-02-16 12:47:09.062507 INFO::Writing all results to file (ordered by increasing q-values): MaAsLin2_DY_vs_DO/all_results.tsv
2026-02-16 12:47:09.064272 INFO::Writing the significant results (those which are less than or equal to the threshold of 0.250000 ) to file (ordered by increasing q-values): MaAsLin2_DY_vs_DO/significant_results.tsv
2026-02-16 12:47:09.064829 INFO::Writing heatmap of significant results to file: MaAsLin2_DY_vs_DO/heatmap.pdf
2026-02-16 12:47:09.065773 INFO::Writing association plots (one for each significant association) to output folder: MaAsLin2_DY_vs_DO
